2018-11-21 12:36:54,222 [Worker-35] INFO  o.e.m.c.i.l.LifecycleMappingFactory - Using org.maven.ide.eclipse.wtp.WarLifecycleMapping lifecycle mapping for MavenProject: com.havmore:havmore:0.0.1-SNAPSHOT @ D:\Teaching material\Java\CDAC\Demos\Examples\havmore\pom.xml.
2018-11-21 12:37:00,175 [Worker-35] INFO  o.e.m.j.i.AbstractJavaProjectConfigurator - Adding source folder /havmore/src/main/java
2018-11-21 12:37:00,176 [Worker-35] INFO  o.e.m.j.i.AbstractJavaProjectConfigurator - Adding resource folder /havmore/src/main/resources
2018-11-21 12:37:00,177 [Worker-35] INFO  o.e.m.j.i.AbstractJavaProjectConfigurator - Adding source folder /havmore/src/test/java
2018-11-21 12:37:00,177 [Worker-35] INFO  o.e.m.j.i.AbstractJavaProjectConfigurator - Adding resource folder /havmore/src/test/resources
2018-11-21 12:37:07,682 [Worker-38] WARN  o.e.m.c.i.embedder.EclipseLogger - Using platform encoding (Cp1252 actually) to copy filtered resources, i.e. build is platform dependent!
2018-11-21 12:37:07,728 [Worker-38] INFO  o.e.m.c.i.embedder.EclipseLogger - Copying 0 resource
2018-11-21 12:37:07,731 [Worker-38] WARN  o.e.m.c.i.embedder.EclipseLogger - Using platform encoding (Cp1252 actually) to copy filtered resources, i.e. build is platform dependent!
2018-11-21 12:37:07,777 [Worker-38] INFO  o.e.m.c.i.embedder.EclipseLogger - Copying 0 resource
2018-11-21 12:37:18,077 [Worker-38] WARN  o.e.m.c.i.embedder.EclipseLogger - Using platform encoding (Cp1252 actually) to copy filtered resources, i.e. build is platform dependent!
2018-11-21 12:37:18,088 [Worker-38] INFO  o.e.m.c.i.embedder.EclipseLogger - Copying 0 resource
2018-11-21 12:37:18,090 [Worker-38] WARN  o.e.m.c.i.embedder.EclipseLogger - Using platform encoding (Cp1252 actually) to copy filtered resources, i.e. build is platform dependent!
2018-11-21 12:37:18,091 [Worker-38] INFO  o.e.m.c.i.embedder.EclipseLogger - Copying 0 resource
2018-11-21 12:37:37,155 [main] INFO  o.e.m2e.actions.ExecutePomAction - Creating new launch configuration
2018-11-21 12:53:48,703 [Worker-84] WARN  o.e.m.c.i.embedder.EclipseLogger - Using platform encoding (Cp1252 actually) to copy filtered resources, i.e. build is platform dependent!
2018-11-21 12:53:48,724 [Worker-84] INFO  o.e.m.c.i.embedder.EclipseLogger - Copying 0 resource
2018-11-21 12:53:48,725 [Worker-84] WARN  o.e.m.c.i.embedder.EclipseLogger - Using platform encoding (Cp1252 actually) to copy filtered resources, i.e. build is platform dependent!
2018-11-21 12:53:48,726 [Worker-84] INFO  o.e.m.c.i.embedder.EclipseLogger - Copying 0 resource
2018-11-21 12:53:49,813 [Worker-86] WARN  o.e.m.c.i.embedder.EclipseLogger - Using platform encoding (Cp1252 actually) to copy filtered resources, i.e. build is platform dependent!
2018-11-21 12:53:49,816 [Worker-86] INFO  o.e.m.c.i.embedder.EclipseLogger - Copying 0 resource
2018-11-21 12:53:49,818 [Worker-86] WARN  o.e.m.c.i.embedder.EclipseLogger - Using platform encoding (Cp1252 actually) to copy filtered resources, i.e. build is platform dependent!
2018-11-21 12:53:49,821 [Worker-86] INFO  o.e.m.c.i.embedder.EclipseLogger - Copying 0 resource
2018-11-21 12:54:09,865 [Worker-87] WARN  o.e.m.c.i.embedder.EclipseLogger - Using platform encoding (Cp1252 actually) to copy filtered resources, i.e. build is platform dependent!
2018-11-21 12:54:09,867 [Worker-87] INFO  o.e.m.c.i.embedder.EclipseLogger - Copying 0 resource
2018-11-21 12:54:09,869 [Worker-87] WARN  o.e.m.c.i.embedder.EclipseLogger - Using platform encoding (Cp1252 actually) to copy filtered resources, i.e. build is platform dependent!
2018-11-21 12:54:09,871 [Worker-87] INFO  o.e.m.c.i.embedder.EclipseLogger - Copying 0 resource
2018-11-21 12:54:13,162 [Worker-88] WARN  o.e.m.c.i.embedder.EclipseLogger - Using platform encoding (Cp1252 actually) to copy filtered resources, i.e. build is platform dependent!
2018-11-21 12:54:13,168 [Worker-88] INFO  o.e.m.c.i.embedder.EclipseLogger - Copying 0 resource
2018-11-21 12:54:13,174 [Worker-88] WARN  o.e.m.c.i.embedder.EclipseLogger - Using platform encoding (Cp1252 actually) to copy filtered resources, i.e. build is platform dependent!
2018-11-21 12:54:13,177 [Worker-88] INFO  o.e.m.c.i.embedder.EclipseLogger - Copying 0 resource
2018-11-21 15:14:54,951 [Worker-116] INFO  o.e.m.c.i.l.LifecycleMappingFactory - Using org.maven.ide.eclipse.wtp.WarLifecycleMapping lifecycle mapping for MavenProject: com.havemore:havemore:0.0.1-SNAPSHOT @ D:\Teaching material\Java\CDAC\Demos\Examples\havemore\pom.xml.
2018-11-21 15:14:55,730 [Worker-116] INFO  o.e.m.j.i.AbstractJavaProjectConfigurator - Adding source folder /havemore/src/main/java
2018-11-21 15:14:55,731 [Worker-116] INFO  o.e.m.j.i.AbstractJavaProjectConfigurator - Adding resource folder /havemore/src/main/resources
2018-11-21 15:14:55,734 [Worker-116] INFO  o.e.m.j.i.AbstractJavaProjectConfigurator - Adding source folder /havemore/src/test/java
2018-11-21 15:14:55,734 [Worker-116] INFO  o.e.m.j.i.AbstractJavaProjectConfigurator - Adding resource folder /havemore/src/test/resources
2018-11-21 15:14:56,600 [Worker-114] WARN  o.e.m.c.i.embedder.EclipseLogger - Using platform encoding (Cp1252 actually) to copy filtered resources, i.e. build is platform dependent!
2018-11-21 15:14:56,603 [Worker-114] INFO  o.e.m.c.i.embedder.EclipseLogger - Copying 0 resource
2018-11-21 15:14:56,606 [Worker-114] WARN  o.e.m.c.i.embedder.EclipseLogger - Using platform encoding (Cp1252 actually) to copy filtered resources, i.e. build is platform dependent!
2018-11-21 15:14:56,608 [Worker-114] INFO  o.e.m.c.i.embedder.EclipseLogger - Copying 0 resource
2018-11-21 15:14:57,679 [Worker-115] WARN  o.e.m.c.i.embedder.EclipseLogger - Using platform encoding (Cp1252 actually) to copy filtered resources, i.e. build is platform dependent!
2018-11-21 15:14:57,687 [Worker-115] INFO  o.e.m.c.i.embedder.EclipseLogger - Copying 0 resource
2018-11-21 15:14:57,691 [Worker-115] WARN  o.e.m.c.i.embedder.EclipseLogger - Using platform encoding (Cp1252 actually) to copy filtered resources, i.e. build is platform dependent!
2018-11-21 15:14:57,694 [Worker-115] INFO  o.e.m.c.i.embedder.EclipseLogger - Copying 0 resource
2018-11-21 15:15:09,297 [Worker-119] INFO  o.e.m.c.i.l.LifecycleMappingFactory - Using org.maven.ide.eclipse.wtp.WarLifecycleMapping lifecycle mapping for MavenProject: com.havemore:havemore:0.0.1-SNAPSHOT @ D:\Teaching material\Java\CDAC\Demos\Examples\2_havemore\pom.xml.
2018-11-21 15:15:09,760 [Worker-119] WARN  o.e.m.c.i.embedder.EclipseLogger - Using platform encoding (Cp1252 actually) to copy filtered resources, i.e. build is platform dependent!
2018-11-21 15:15:09,762 [Worker-119] INFO  o.e.m.c.i.embedder.EclipseLogger - Copying 0 resource
2018-11-21 15:15:09,765 [Worker-119] WARN  o.e.m.c.i.embedder.EclipseLogger - Using platform encoding (Cp1252 actually) to copy filtered resources, i.e. build is platform dependent!
2018-11-21 15:15:09,768 [Worker-119] INFO  o.e.m.c.i.embedder.EclipseLogger - Copying 0 resource
2018-11-21 15:15:48,251 [Worker-114] INFO  o.e.m.c.i.l.LifecycleMappingFactory - Using org.maven.ide.eclipse.wtp.WarLifecycleMapping lifecycle mapping for MavenProject: com.havemore:havemore:0.0.1-SNAPSHOT @ D:\Teaching material\Java\CDAC\Demos\Examples\2_havmore\pom.xml.
2018-11-21 15:15:48,638 [Worker-114] WARN  o.e.m.c.i.embedder.EclipseLogger - Using platform encoding (Cp1252 actually) to copy filtered resources, i.e. build is platform dependent!
2018-11-21 15:15:48,642 [Worker-114] INFO  o.e.m.c.i.embedder.EclipseLogger - Copying 0 resource
2018-11-21 15:15:48,646 [Worker-114] WARN  o.e.m.c.i.embedder.EclipseLogger - Using platform encoding (Cp1252 actually) to copy filtered resources, i.e. build is platform dependent!
2018-11-21 15:15:48,651 [Worker-114] INFO  o.e.m.c.i.embedder.EclipseLogger - Copying 0 resource
2018-11-21 15:16:00,925 [Worker-108] INFO  o.e.m.c.i.l.LifecycleMappingFactory - Using org.maven.ide.eclipse.wtp.WarLifecycleMapping lifecycle mapping for MavenProject: com.havmore:havmore:0.0.1-SNAPSHOT @ D:\Teaching material\Java\CDAC\Demos\Examples\2_havmore\pom.xml.
2018-11-21 15:16:01,610 [Worker-108] WARN  o.e.m.c.i.embedder.EclipseLogger - Using platform encoding (Cp1252 actually) to copy filtered resources, i.e. build is platform dependent!
2018-11-21 15:16:01,613 [Worker-108] INFO  o.e.m.c.i.embedder.EclipseLogger - Copying 0 resource
2018-11-21 15:16:01,614 [Worker-108] WARN  o.e.m.c.i.embedder.EclipseLogger - Using platform encoding (Cp1252 actually) to copy filtered resources, i.e. build is platform dependent!
2018-11-21 15:16:01,615 [Worker-108] INFO  o.e.m.c.i.embedder.EclipseLogger - Copying 0 resource
2018-11-21 15:16:01,616 [Worker-108] INFO  o.e.m.w.i.f.ResourceFilteringBuildParticipant - Changed resources require a complete clean of filtered resources of 2_havmore
2018-11-21 15:16:01,617 [Worker-108] INFO  o.e.m.w.i.f.ResourceFilteringBuildParticipant - Executing resource filtering for 2_havmore
2018-11-21 15:16:01,621 [Worker-108] WARN  o.e.m.c.i.embedder.EclipseLogger - Using platform encoding (Cp1252 actually) to copy filtered resources, i.e. build is platform dependent!
2018-11-21 15:18:22,623 [Worker-108] INFO  o.e.m.c.i.l.LifecycleMappingFactory - Using org.maven.ide.eclipse.wtp.WarLifecycleMapping lifecycle mapping for MavenProject: com.havmore:havmore:0.0.1-SNAPSHOT @ D:\Teaching material\Java\CDAC\Demos\Examples\havmore\pom.xml.
2018-11-21 15:18:23,365 [Worker-108] INFO  o.e.m.j.i.AbstractJavaProjectConfigurator - Adding source folder /havmore/src/main/java
2018-11-21 15:18:23,366 [Worker-108] INFO  o.e.m.j.i.AbstractJavaProjectConfigurator - Adding resource folder /havmore/src/main/resources
2018-11-21 15:18:23,368 [Worker-108] INFO  o.e.m.j.i.AbstractJavaProjectConfigurator - Adding source folder /havmore/src/test/java
2018-11-21 15:18:23,370 [Worker-108] INFO  o.e.m.j.i.AbstractJavaProjectConfigurator - Adding resource folder /havmore/src/test/resources
2018-11-21 15:18:24,127 [Worker-115] WARN  o.e.m.c.i.embedder.EclipseLogger - Using platform encoding (Cp1252 actually) to copy filtered resources, i.e. build is platform dependent!
2018-11-21 15:18:24,133 [Worker-115] INFO  o.e.m.c.i.embedder.EclipseLogger - Copying 0 resource
2018-11-21 15:18:24,139 [Worker-115] WARN  o.e.m.c.i.embedder.EclipseLogger - Using platform encoding (Cp1252 actually) to copy filtered resources, i.e. build is platform dependent!
2018-11-21 15:18:24,145 [Worker-115] INFO  o.e.m.c.i.embedder.EclipseLogger - Copying 0 resource
2018-11-21 15:18:25,294 [Worker-108] WARN  o.e.m.c.i.embedder.EclipseLogger - Using platform encoding (Cp1252 actually) to copy filtered resources, i.e. build is platform dependent!
2018-11-21 15:18:25,303 [Worker-108] INFO  o.e.m.c.i.embedder.EclipseLogger - Copying 0 resource
2018-11-21 15:18:25,306 [Worker-108] WARN  o.e.m.c.i.embedder.EclipseLogger - Using platform encoding (Cp1252 actually) to copy filtered resources, i.e. build is platform dependent!
2018-11-21 15:18:25,310 [Worker-108] INFO  o.e.m.c.i.embedder.EclipseLogger - Copying 0 resource
2018-11-21 15:24:05,358 [Worker-117] WARN  o.e.m.c.i.embedder.EclipseLogger - Using platform encoding (Cp1252 actually) to copy filtered resources, i.e. build is platform dependent!
2018-11-21 15:24:05,360 [Worker-117] INFO  o.e.m.c.i.embedder.EclipseLogger - Copying 0 resource
2018-11-21 15:24:05,361 [Worker-117] WARN  o.e.m.c.i.embedder.EclipseLogger - Using platform encoding (Cp1252 actually) to copy filtered resources, i.e. build is platform dependent!
2018-11-21 15:24:05,363 [Worker-117] INFO  o.e.m.c.i.embedder.EclipseLogger - Copying 0 resource
2018-11-21 15:31:25,889 [Worker-121] WARN  o.e.m.c.i.embedder.EclipseLogger - Using platform encoding (Cp1252 actually) to copy filtered resources, i.e. build is platform dependent!
2018-11-21 15:31:25,892 [Worker-121] INFO  o.e.m.c.i.embedder.EclipseLogger - Copying 0 resource
2018-11-21 15:31:25,894 [Worker-121] WARN  o.e.m.c.i.embedder.EclipseLogger - Using platform encoding (Cp1252 actually) to copy filtered resources, i.e. build is platform dependent!
2018-11-21 15:31:25,900 [Worker-121] INFO  o.e.m.c.i.embedder.EclipseLogger - Copying 0 resource
2018-11-21 15:33:05,928 [Worker-127] WARN  o.e.m.c.i.embedder.EclipseLogger - Using platform encoding (Cp1252 actually) to copy filtered resources, i.e. build is platform dependent!
2018-11-21 15:33:05,931 [Worker-127] INFO  o.e.m.c.i.embedder.EclipseLogger - Copying 0 resource
2018-11-21 15:33:05,932 [Worker-127] WARN  o.e.m.c.i.embedder.EclipseLogger - Using platform encoding (Cp1252 actually) to copy filtered resources, i.e. build is platform dependent!
2018-11-21 15:33:05,934 [Worker-127] INFO  o.e.m.c.i.embedder.EclipseLogger - Copying 0 resource
2018-11-21 15:35:05,116 [Worker-123] INFO  o.e.m.c.i.l.LifecycleMappingFactory - Using org.maven.ide.eclipse.wtp.WarLifecycleMapping lifecycle mapping for MavenProject: com.havmore:havmore:0.0.1-SNAPSHOT @ D:\Teaching material\Java\CDAC\Demos\Examples\havmore\pom.xml.
2018-11-21 15:35:06,245 [Worker-123] WARN  o.e.m.c.i.embedder.EclipseLogger - Using platform encoding (Cp1252 actually) to copy filtered resources, i.e. build is platform dependent!
2018-11-21 15:35:06,247 [Worker-123] INFO  o.e.m.c.i.embedder.EclipseLogger - Copying 0 resource
2018-11-21 15:35:06,248 [Worker-123] WARN  o.e.m.c.i.embedder.EclipseLogger - Using platform encoding (Cp1252 actually) to copy filtered resources, i.e. build is platform dependent!
2018-11-21 15:35:06,250 [Worker-123] INFO  o.e.m.c.i.embedder.EclipseLogger - Copying 0 resource
2018-11-21 15:35:06,250 [Worker-123] INFO  o.e.m.w.i.f.ResourceFilteringBuildParticipant - Changed resources require a complete clean of filtered resources of havmore
2018-11-21 15:35:06,250 [Worker-123] INFO  o.e.m.w.i.f.ResourceFilteringBuildParticipant - Executing resource filtering for havmore
2018-11-21 15:35:06,254 [Worker-123] WARN  o.e.m.c.i.embedder.EclipseLogger - Using platform encoding (Cp1252 actually) to copy filtered resources, i.e. build is platform dependent!
2018-11-21 15:35:06,674 [Worker-123] WARN  o.e.m.c.i.embedder.EclipseLogger - Using platform encoding (Cp1252 actually) to copy filtered resources, i.e. build is platform dependent!
2018-11-21 15:35:06,676 [Worker-123] INFO  o.e.m.c.i.embedder.EclipseLogger - Copying 0 resource
2018-11-21 15:35:06,679 [Worker-123] WARN  o.e.m.c.i.embedder.EclipseLogger - Using platform encoding (Cp1252 actually) to copy filtered resources, i.e. build is platform dependent!
2018-11-21 15:35:06,680 [Worker-123] INFO  o.e.m.c.i.embedder.EclipseLogger - Copying 0 resource
2018-11-21 15:49:09,360 [Worker-128] WARN  o.e.m.c.i.embedder.EclipseLogger - Using platform encoding (Cp1252 actually) to copy filtered resources, i.e. build is platform dependent!
2018-11-21 15:49:09,364 [Worker-128] INFO  o.e.m.c.i.embedder.EclipseLogger - Copying 0 resource
2018-11-21 15:49:09,365 [Worker-128] WARN  o.e.m.c.i.embedder.EclipseLogger - Using platform encoding (Cp1252 actually) to copy filtered resources, i.e. build is platform dependent!
2018-11-21 15:49:09,366 [Worker-128] INFO  o.e.m.c.i.embedder.EclipseLogger - Copying 0 resource
2018-11-21 16:26:33,877 [Worker-121] WARN  o.e.m.c.i.embedder.EclipseLogger - Using platform encoding (Cp1252 actually) to copy filtered resources, i.e. build is platform dependent!
2018-11-21 16:26:33,879 [Worker-121] INFO  o.e.m.c.i.embedder.EclipseLogger - Copying 0 resource
2018-11-21 16:26:33,880 [Worker-121] WARN  o.e.m.c.i.embedder.EclipseLogger - Using platform encoding (Cp1252 actually) to copy filtered resources, i.e. build is platform dependent!
2018-11-21 16:26:33,883 [Worker-121] INFO  o.e.m.c.i.embedder.EclipseLogger - Copying 0 resource
2018-11-21 16:26:55,127 [Worker-136] WARN  o.e.m.c.i.embedder.EclipseLogger - Using platform encoding (Cp1252 actually) to copy filtered resources, i.e. build is platform dependent!
2018-11-21 16:26:55,129 [Worker-136] INFO  o.e.m.c.i.embedder.EclipseLogger - Copying 0 resource
2018-11-21 16:26:55,133 [Worker-136] WARN  o.e.m.c.i.embedder.EclipseLogger - Using platform encoding (Cp1252 actually) to copy filtered resources, i.e. build is platform dependent!
2018-11-21 16:26:55,134 [Worker-136] INFO  o.e.m.c.i.embedder.EclipseLogger - Copying 0 resource
2018-11-21 16:27:40,807 [Worker-136] WARN  o.e.m.c.i.embedder.EclipseLogger - Using platform encoding (Cp1252 actually) to copy filtered resources, i.e. build is platform dependent!
2018-11-21 16:27:40,808 [Worker-136] INFO  o.e.m.c.i.embedder.EclipseLogger - Copying 0 resource
2018-11-21 16:27:40,810 [Worker-136] WARN  o.e.m.c.i.embedder.EclipseLogger - Using platform encoding (Cp1252 actually) to copy filtered resources, i.e. build is platform dependent!
2018-11-21 16:27:40,811 [Worker-136] INFO  o.e.m.c.i.embedder.EclipseLogger - Copying 0 resource
2018-11-21 16:38:25,660 [Worker-136] WARN  o.e.m.c.i.embedder.EclipseLogger - Using platform encoding (Cp1252 actually) to copy filtered resources, i.e. build is platform dependent!
2018-11-21 16:38:25,662 [Worker-136] INFO  o.e.m.c.i.embedder.EclipseLogger - Copying 0 resource
2018-11-21 16:38:25,663 [Worker-136] WARN  o.e.m.c.i.embedder.EclipseLogger - Using platform encoding (Cp1252 actually) to copy filtered resources, i.e. build is platform dependent!
2018-11-21 16:38:25,665 [Worker-136] INFO  o.e.m.c.i.embedder.EclipseLogger - Copying 0 resource
2018-11-21 16:44:51,000 [Worker-136] WARN  o.e.m.c.i.embedder.EclipseLogger - Using platform encoding (Cp1252 actually) to copy filtered resources, i.e. build is platform dependent!
2018-11-21 16:44:51,001 [Worker-136] INFO  o.e.m.c.i.embedder.EclipseLogger - Copying 0 resource
2018-11-21 16:44:51,002 [Worker-136] WARN  o.e.m.c.i.embedder.EclipseLogger - Using platform encoding (Cp1252 actually) to copy filtered resources, i.e. build is platform dependent!
2018-11-21 16:44:51,004 [Worker-136] INFO  o.e.m.c.i.embedder.EclipseLogger - Copying 0 resource
2018-11-21 16:49:36,477 [Worker-139] WARN  o.e.m.c.i.embedder.EclipseLogger - Using platform encoding (Cp1252 actually) to copy filtered resources, i.e. build is platform dependent!
2018-11-21 16:49:36,481 [Worker-139] INFO  o.e.m.c.i.embedder.EclipseLogger - Copying 0 resource
2018-11-21 16:49:36,482 [Worker-139] WARN  o.e.m.c.i.embedder.EclipseLogger - Using platform encoding (Cp1252 actually) to copy filtered resources, i.e. build is platform dependent!
2018-11-21 16:49:36,484 [Worker-139] INFO  o.e.m.c.i.embedder.EclipseLogger - Copying 0 resource
2018-11-21 17:14:53,860 [Worker-142] WARN  o.e.m.c.i.embedder.EclipseLogger - Using platform encoding (Cp1252 actually) to copy filtered resources, i.e. build is platform dependent!
2018-11-21 17:14:53,862 [Worker-142] INFO  o.e.m.c.i.embedder.EclipseLogger - Copying 0 resource
2018-11-21 17:14:53,863 [Worker-142] WARN  o.e.m.c.i.embedder.EclipseLogger - Using platform encoding (Cp1252 actually) to copy filtered resources, i.e. build is platform dependent!
2018-11-21 17:14:53,865 [Worker-142] INFO  o.e.m.c.i.embedder.EclipseLogger - Copying 0 resource
2018-11-21 17:15:56,534 [Worker-143] WARN  o.e.m.c.i.embedder.EclipseLogger - Using platform encoding (Cp1252 actually) to copy filtered resources, i.e. build is platform dependent!
2018-11-21 17:15:56,538 [Worker-143] INFO  o.e.m.c.i.embedder.EclipseLogger - Copying 0 resource
2018-11-21 17:15:56,545 [Worker-143] WARN  o.e.m.c.i.embedder.EclipseLogger - Using platform encoding (Cp1252 actually) to copy filtered resources, i.e. build is platform dependent!
2018-11-21 17:15:56,551 [Worker-143] INFO  o.e.m.c.i.embedder.EclipseLogger - Copying 0 resource
2018-11-21 17:16:12,559 [Worker-146] WARN  o.e.m.c.i.embedder.EclipseLogger - Using platform encoding (Cp1252 actually) to copy filtered resources, i.e. build is platform dependent!
2018-11-21 17:16:12,564 [Worker-146] INFO  o.e.m.c.i.embedder.EclipseLogger - Copying 0 resource
2018-11-21 17:16:12,569 [Worker-146] WARN  o.e.m.c.i.embedder.EclipseLogger - Using platform encoding (Cp1252 actually) to copy filtered resources, i.e. build is platform dependent!
2018-11-21 17:16:12,572 [Worker-146] INFO  o.e.m.c.i.embedder.EclipseLogger - Copying 0 resource
2018-11-21 17:17:04,210 [Worker-146] WARN  o.e.m.c.i.embedder.EclipseLogger - Using platform encoding (Cp1252 actually) to copy filtered resources, i.e. build is platform dependent!
2018-11-21 17:17:04,212 [Worker-146] INFO  o.e.m.c.i.embedder.EclipseLogger - Copying 0 resource
2018-11-21 17:17:04,213 [Worker-146] WARN  o.e.m.c.i.embedder.EclipseLogger - Using platform encoding (Cp1252 actually) to copy filtered resources, i.e. build is platform dependent!
2018-11-21 17:17:04,216 [Worker-146] INFO  o.e.m.c.i.embedder.EclipseLogger - Copying 0 resource
2018-11-21 17:17:30,848 [Worker-143] WARN  o.e.m.c.i.embedder.EclipseLogger - Using platform encoding (Cp1252 actually) to copy filtered resources, i.e. build is platform dependent!
2018-11-21 17:17:30,849 [Worker-143] INFO  o.e.m.c.i.embedder.EclipseLogger - Copying 0 resource
2018-11-21 17:17:30,850 [Worker-143] WARN  o.e.m.c.i.embedder.EclipseLogger - Using platform encoding (Cp1252 actually) to copy filtered resources, i.e. build is platform dependent!
2018-11-21 17:17:30,852 [Worker-143] INFO  o.e.m.c.i.embedder.EclipseLogger - Copying 0 resource
2018-11-21 17:19:02,588 [Worker-145] WARN  o.e.m.c.i.embedder.EclipseLogger - Using platform encoding (Cp1252 actually) to copy filtered resources, i.e. build is platform dependent!
2018-11-21 17:19:02,592 [Worker-145] INFO  o.e.m.c.i.embedder.EclipseLogger - Copying 0 resource
2018-11-21 17:19:02,595 [Worker-145] WARN  o.e.m.c.i.embedder.EclipseLogger - Using platform encoding (Cp1252 actually) to copy filtered resources, i.e. build is platform dependent!
2018-11-21 17:19:02,599 [Worker-145] INFO  o.e.m.c.i.embedder.EclipseLogger - Copying 0 resource
2018-11-21 17:19:15,779 [Worker-146] WARN  o.e.m.c.i.embedder.EclipseLogger - Using platform encoding (Cp1252 actually) to copy filtered resources, i.e. build is platform dependent!
2018-11-21 17:19:15,781 [Worker-146] INFO  o.e.m.c.i.embedder.EclipseLogger - Copying 0 resource
2018-11-21 17:19:15,784 [Worker-146] WARN  o.e.m.c.i.embedder.EclipseLogger - Using platform encoding (Cp1252 actually) to copy filtered resources, i.e. build is platform dependent!
2018-11-21 17:19:15,786 [Worker-146] INFO  o.e.m.c.i.embedder.EclipseLogger - Copying 0 resource
2018-11-21 17:26:20,141 [Worker-150] WARN  o.e.m.c.i.embedder.EclipseLogger - Using platform encoding (Cp1252 actually) to copy filtered resources, i.e. build is platform dependent!
2018-11-21 17:26:20,143 [Worker-150] INFO  o.e.m.c.i.embedder.EclipseLogger - Copying 0 resource
2018-11-21 17:26:20,144 [Worker-150] WARN  o.e.m.c.i.embedder.EclipseLogger - Using platform encoding (Cp1252 actually) to copy filtered resources, i.e. build is platform dependent!
2018-11-21 17:26:20,145 [Worker-150] INFO  o.e.m.c.i.embedder.EclipseLogger - Copying 0 resource
2018-11-21 17:28:15,225 [Worker-146] WARN  o.e.m.c.i.embedder.EclipseLogger - Using platform encoding (Cp1252 actually) to copy filtered resources, i.e. build is platform dependent!
2018-11-21 17:28:15,229 [Worker-146] INFO  o.e.m.c.i.embedder.EclipseLogger - Copying 0 resource
2018-11-21 17:28:15,231 [Worker-146] WARN  o.e.m.c.i.embedder.EclipseLogger - Using platform encoding (Cp1252 actually) to copy filtered resources, i.e. build is platform dependent!
2018-11-21 17:28:15,235 [Worker-146] INFO  o.e.m.c.i.embedder.EclipseLogger - Copying 0 resource
2018-11-22 11:13:08,274 [Worker-157] WARN  o.e.m.c.i.embedder.EclipseLogger - Using platform encoding (Cp1252 actually) to copy filtered resources, i.e. build is platform dependent!
2018-11-22 11:13:08,317 [Worker-157] INFO  o.e.m.c.i.embedder.EclipseLogger - Copying 0 resource
2018-11-22 11:13:08,319 [Worker-157] WARN  o.e.m.c.i.embedder.EclipseLogger - Using platform encoding (Cp1252 actually) to copy filtered resources, i.e. build is platform dependent!
2018-11-22 11:13:08,320 [Worker-157] INFO  o.e.m.c.i.embedder.EclipseLogger - Copying 0 resource
2018-11-22 11:15:16,249 [Worker-158] WARN  o.e.m.c.i.embedder.EclipseLogger - Using platform encoding (Cp1252 actually) to copy filtered resources, i.e. build is platform dependent!
2018-11-22 11:15:16,254 [Worker-158] INFO  o.e.m.c.i.embedder.EclipseLogger - Copying 0 resource
2018-11-22 11:15:16,256 [Worker-158] WARN  o.e.m.c.i.embedder.EclipseLogger - Using platform encoding (Cp1252 actually) to copy filtered resources, i.e. build is platform dependent!
2018-11-22 11:15:16,260 [Worker-158] INFO  o.e.m.c.i.embedder.EclipseLogger - Copying 0 resource
2018-11-22 11:15:39,601 [Worker-157] WARN  o.e.m.c.i.embedder.EclipseLogger - Using platform encoding (Cp1252 actually) to copy filtered resources, i.e. build is platform dependent!
2018-11-22 11:15:39,605 [Worker-157] INFO  o.e.m.c.i.embedder.EclipseLogger - Copying 0 resource
2018-11-22 11:15:39,608 [Worker-157] WARN  o.e.m.c.i.embedder.EclipseLogger - Using platform encoding (Cp1252 actually) to copy filtered resources, i.e. build is platform dependent!
2018-11-22 11:15:39,611 [Worker-157] INFO  o.e.m.c.i.embedder.EclipseLogger - Copying 0 resource
2018-11-22 11:16:24,546 [Worker-159] WARN  o.e.m.c.i.embedder.EclipseLogger - Using platform encoding (Cp1252 actually) to copy filtered resources, i.e. build is platform dependent!
2018-11-22 11:16:24,548 [Worker-159] INFO  o.e.m.c.i.embedder.EclipseLogger - Copying 0 resource
2018-11-22 11:16:24,549 [Worker-159] WARN  o.e.m.c.i.embedder.EclipseLogger - Using platform encoding (Cp1252 actually) to copy filtered resources, i.e. build is platform dependent!
2018-11-22 11:16:24,550 [Worker-159] INFO  o.e.m.c.i.embedder.EclipseLogger - Copying 0 resource
2018-11-22 11:16:34,995 [Worker-157] WARN  o.e.m.c.i.embedder.EclipseLogger - Using platform encoding (Cp1252 actually) to copy filtered resources, i.e. build is platform dependent!
2018-11-22 11:16:34,998 [Worker-157] INFO  o.e.m.c.i.embedder.EclipseLogger - Copying 0 resource
2018-11-22 11:16:34,999 [Worker-157] WARN  o.e.m.c.i.embedder.EclipseLogger - Using platform encoding (Cp1252 actually) to copy filtered resources, i.e. build is platform dependent!
2018-11-22 11:16:35,001 [Worker-157] INFO  o.e.m.c.i.embedder.EclipseLogger - Copying 0 resource
2018-11-22 11:24:28,719 [Worker-157] WARN  o.e.m.c.i.embedder.EclipseLogger - Using platform encoding (Cp1252 actually) to copy filtered resources, i.e. build is platform dependent!
2018-11-22 11:24:28,722 [Worker-157] INFO  o.e.m.c.i.embedder.EclipseLogger - Copying 0 resource
2018-11-22 11:24:28,724 [Worker-157] WARN  o.e.m.c.i.embedder.EclipseLogger - Using platform encoding (Cp1252 actually) to copy filtered resources, i.e. build is platform dependent!
2018-11-22 11:24:28,726 [Worker-157] INFO  o.e.m.c.i.embedder.EclipseLogger - Copying 0 resource
2018-11-22 11:25:25,254 [Worker-157] WARN  o.e.m.c.i.embedder.EclipseLogger - Using platform encoding (Cp1252 actually) to copy filtered resources, i.e. build is platform dependent!
2018-11-22 11:25:25,258 [Worker-157] INFO  o.e.m.c.i.embedder.EclipseLogger - Copying 0 resource
2018-11-22 11:25:25,259 [Worker-157] WARN  o.e.m.c.i.embedder.EclipseLogger - Using platform encoding (Cp1252 actually) to copy filtered resources, i.e. build is platform dependent!
2018-11-22 11:25:25,260 [Worker-157] INFO  o.e.m.c.i.embedder.EclipseLogger - Copying 0 resource
2018-11-22 11:25:35,146 [Worker-154] WARN  o.e.m.c.i.embedder.EclipseLogger - Using platform encoding (Cp1252 actually) to copy filtered resources, i.e. build is platform dependent!
2018-11-22 11:25:35,150 [Worker-154] INFO  o.e.m.c.i.embedder.EclipseLogger - Copying 0 resource
2018-11-22 11:25:35,157 [Worker-154] WARN  o.e.m.c.i.embedder.EclipseLogger - Using platform encoding (Cp1252 actually) to copy filtered resources, i.e. build is platform dependent!
2018-11-22 11:25:35,161 [Worker-154] INFO  o.e.m.c.i.embedder.EclipseLogger - Copying 0 resource
2018-11-22 11:45:51,206 [Worker-159] WARN  o.e.m.c.i.embedder.EclipseLogger - Using platform encoding (Cp1252 actually) to copy filtered resources, i.e. build is platform dependent!
2018-11-22 11:45:51,210 [Worker-159] INFO  o.e.m.c.i.embedder.EclipseLogger - Copying 0 resource
2018-11-22 11:45:51,212 [Worker-159] WARN  o.e.m.c.i.embedder.EclipseLogger - Using platform encoding (Cp1252 actually) to copy filtered resources, i.e. build is platform dependent!
2018-11-22 11:45:51,216 [Worker-159] INFO  o.e.m.c.i.embedder.EclipseLogger - Copying 0 resource
2018-11-22 11:46:11,427 [Worker-159] WARN  o.e.m.c.i.embedder.EclipseLogger - Using platform encoding (Cp1252 actually) to copy filtered resources, i.e. build is platform dependent!
2018-11-22 11:46:11,429 [Worker-159] INFO  o.e.m.c.i.embedder.EclipseLogger - Copying 0 resource
2018-11-22 11:46:11,430 [Worker-159] WARN  o.e.m.c.i.embedder.EclipseLogger - Using platform encoding (Cp1252 actually) to copy filtered resources, i.e. build is platform dependent!
2018-11-22 11:46:11,433 [Worker-159] INFO  o.e.m.c.i.embedder.EclipseLogger - Copying 0 resource
2018-11-22 11:46:21,599 [Worker-154] WARN  o.e.m.c.i.embedder.EclipseLogger - Using platform encoding (Cp1252 actually) to copy filtered resources, i.e. build is platform dependent!
2018-11-22 11:46:21,605 [Worker-154] INFO  o.e.m.c.i.embedder.EclipseLogger - Copying 0 resource
2018-11-22 11:46:21,608 [Worker-154] WARN  o.e.m.c.i.embedder.EclipseLogger - Using platform encoding (Cp1252 actually) to copy filtered resources, i.e. build is platform dependent!
2018-11-22 11:46:21,612 [Worker-154] INFO  o.e.m.c.i.embedder.EclipseLogger - Copying 0 resource
2018-11-22 11:47:03,986 [Worker-156] WARN  o.e.m.c.i.embedder.EclipseLogger - Using platform encoding (Cp1252 actually) to copy filtered resources, i.e. build is platform dependent!
2018-11-22 11:47:03,989 [Worker-156] INFO  o.e.m.c.i.embedder.EclipseLogger - Copying 0 resource
2018-11-22 11:47:03,990 [Worker-156] WARN  o.e.m.c.i.embedder.EclipseLogger - Using platform encoding (Cp1252 actually) to copy filtered resources, i.e. build is platform dependent!
2018-11-22 11:47:03,992 [Worker-156] INFO  o.e.m.c.i.embedder.EclipseLogger - Copying 0 resource
2018-11-22 11:47:14,928 [Worker-156] WARN  o.e.m.c.i.embedder.EclipseLogger - Using platform encoding (Cp1252 actually) to copy filtered resources, i.e. build is platform dependent!
2018-11-22 11:47:14,951 [Worker-156] INFO  o.e.m.c.i.embedder.EclipseLogger - Copying 0 resource
2018-11-22 11:47:14,954 [Worker-156] WARN  o.e.m.c.i.embedder.EclipseLogger - Using platform encoding (Cp1252 actually) to copy filtered resources, i.e. build is platform dependent!
2018-11-22 11:47:14,959 [Worker-156] INFO  o.e.m.c.i.embedder.EclipseLogger - Copying 0 resource
2018-11-22 11:48:17,803 [Worker-154] WARN  o.e.m.c.i.embedder.EclipseLogger - Using platform encoding (Cp1252 actually) to copy filtered resources, i.e. build is platform dependent!
2018-11-22 11:48:17,807 [Worker-154] INFO  o.e.m.c.i.embedder.EclipseLogger - Copying 0 resource
2018-11-22 11:48:17,811 [Worker-154] WARN  o.e.m.c.i.embedder.EclipseLogger - Using platform encoding (Cp1252 actually) to copy filtered resources, i.e. build is platform dependent!
2018-11-22 11:48:17,817 [Worker-154] INFO  o.e.m.c.i.embedder.EclipseLogger - Copying 0 resource
2018-11-22 11:48:22,190 [Worker-161] WARN  o.e.m.c.i.embedder.EclipseLogger - Using platform encoding (Cp1252 actually) to copy filtered resources, i.e. build is platform dependent!
2018-11-22 11:48:22,193 [Worker-161] INFO  o.e.m.c.i.embedder.EclipseLogger - Copying 0 resource
2018-11-22 11:48:22,195 [Worker-161] WARN  o.e.m.c.i.embedder.EclipseLogger - Using platform encoding (Cp1252 actually) to copy filtered resources, i.e. build is platform dependent!
2018-11-22 11:48:22,200 [Worker-161] INFO  o.e.m.c.i.embedder.EclipseLogger - Copying 0 resource
2018-11-22 11:48:24,553 [Worker-165] WARN  o.e.m.c.i.embedder.EclipseLogger - Using platform encoding (Cp1252 actually) to copy filtered resources, i.e. build is platform dependent!
2018-11-22 11:48:24,556 [Worker-165] INFO  o.e.m.c.i.embedder.EclipseLogger - Copying 0 resource
2018-11-22 11:48:24,563 [Worker-165] WARN  o.e.m.c.i.embedder.EclipseLogger - Using platform encoding (Cp1252 actually) to copy filtered resources, i.e. build is platform dependent!
2018-11-22 11:48:24,567 [Worker-165] INFO  o.e.m.c.i.embedder.EclipseLogger - Copying 0 resource
2018-11-22 11:48:32,493 [Worker-167] WARN  o.e.m.c.i.embedder.EclipseLogger - Using platform encoding (Cp1252 actually) to copy filtered resources, i.e. build is platform dependent!
2018-11-22 11:48:32,498 [Worker-167] INFO  o.e.m.c.i.embedder.EclipseLogger - Copying 0 resource
2018-11-22 11:48:32,502 [Worker-167] WARN  o.e.m.c.i.embedder.EclipseLogger - Using platform encoding (Cp1252 actually) to copy filtered resources, i.e. build is platform dependent!
2018-11-22 11:48:32,507 [Worker-167] INFO  o.e.m.c.i.embedder.EclipseLogger - Copying 0 resource
2018-11-22 11:50:08,808 [Worker-154] WARN  o.e.m.c.i.embedder.EclipseLogger - Using platform encoding (Cp1252 actually) to copy filtered resources, i.e. build is platform dependent!
2018-11-22 11:50:08,809 [Worker-154] INFO  o.e.m.c.i.embedder.EclipseLogger - Copying 0 resource
2018-11-22 11:50:08,810 [Worker-154] WARN  o.e.m.c.i.embedder.EclipseLogger - Using platform encoding (Cp1252 actually) to copy filtered resources, i.e. build is platform dependent!
2018-11-22 11:50:08,812 [Worker-154] INFO  o.e.m.c.i.embedder.EclipseLogger - Copying 0 resource
2018-11-22 11:50:28,986 [Worker-161] WARN  o.e.m.c.i.embedder.EclipseLogger - Using platform encoding (Cp1252 actually) to copy filtered resources, i.e. build is platform dependent!
2018-11-22 11:50:28,988 [Worker-161] INFO  o.e.m.c.i.embedder.EclipseLogger - Copying 0 resource
2018-11-22 11:50:28,990 [Worker-161] WARN  o.e.m.c.i.embedder.EclipseLogger - Using platform encoding (Cp1252 actually) to copy filtered resources, i.e. build is platform dependent!
2018-11-22 11:50:28,992 [Worker-161] INFO  o.e.m.c.i.embedder.EclipseLogger - Copying 0 resource
2018-11-22 11:51:41,132 [Worker-164] WARN  o.e.m.c.i.embedder.EclipseLogger - Using platform encoding (Cp1252 actually) to copy filtered resources, i.e. build is platform dependent!
2018-11-22 11:51:41,137 [Worker-164] INFO  o.e.m.c.i.embedder.EclipseLogger - Copying 0 resource
2018-11-22 11:51:41,141 [Worker-164] WARN  o.e.m.c.i.embedder.EclipseLogger - Using platform encoding (Cp1252 actually) to copy filtered resources, i.e. build is platform dependent!
2018-11-22 11:51:41,146 [Worker-164] INFO  o.e.m.c.i.embedder.EclipseLogger - Copying 0 resource
2018-11-22 11:51:44,450 [Worker-156] WARN  o.e.m.c.i.embedder.EclipseLogger - Using platform encoding (Cp1252 actually) to copy filtered resources, i.e. build is platform dependent!
2018-11-22 11:51:44,452 [Worker-156] INFO  o.e.m.c.i.embedder.EclipseLogger - Copying 0 resource
2018-11-22 11:51:44,453 [Worker-156] WARN  o.e.m.c.i.embedder.EclipseLogger - Using platform encoding (Cp1252 actually) to copy filtered resources, i.e. build is platform dependent!
2018-11-22 11:51:44,454 [Worker-156] INFO  o.e.m.c.i.embedder.EclipseLogger - Copying 0 resource
2018-11-22 11:52:14,659 [Worker-159] WARN  o.e.m.c.i.embedder.EclipseLogger - Using platform encoding (Cp1252 actually) to copy filtered resources, i.e. build is platform dependent!
2018-11-22 11:52:14,662 [Worker-159] INFO  o.e.m.c.i.embedder.EclipseLogger - Copying 0 resource
2018-11-22 11:52:14,663 [Worker-159] WARN  o.e.m.c.i.embedder.EclipseLogger - Using platform encoding (Cp1252 actually) to copy filtered resources, i.e. build is platform dependent!
2018-11-22 11:52:14,665 [Worker-159] INFO  o.e.m.c.i.embedder.EclipseLogger - Copying 0 resource
2018-11-22 11:54:34,836 [Worker-154] WARN  o.e.m.c.i.embedder.EclipseLogger - Using platform encoding (Cp1252 actually) to copy filtered resources, i.e. build is platform dependent!
2018-11-22 11:54:34,837 [Worker-154] INFO  o.e.m.c.i.embedder.EclipseLogger - Copying 0 resource
2018-11-22 11:54:34,839 [Worker-154] WARN  o.e.m.c.i.embedder.EclipseLogger - Using platform encoding (Cp1252 actually) to copy filtered resources, i.e. build is platform dependent!
2018-11-22 11:54:34,842 [Worker-154] INFO  o.e.m.c.i.embedder.EclipseLogger - Copying 0 resource
2018-11-22 11:55:04,186 [Worker-159] WARN  o.e.m.c.i.embedder.EclipseLogger - Using platform encoding (Cp1252 actually) to copy filtered resources, i.e. build is platform dependent!
2018-11-22 11:55:04,188 [Worker-159] INFO  o.e.m.c.i.embedder.EclipseLogger - Copying 0 resource
2018-11-22 11:55:04,189 [Worker-159] WARN  o.e.m.c.i.embedder.EclipseLogger - Using platform encoding (Cp1252 actually) to copy filtered resources, i.e. build is platform dependent!
2018-11-22 11:55:04,197 [Worker-159] INFO  o.e.m.c.i.embedder.EclipseLogger - Copying 0 resource
2018-11-22 11:55:19,701 [Worker-159] WARN  o.e.m.c.i.embedder.EclipseLogger - Using platform encoding (Cp1252 actually) to copy filtered resources, i.e. build is platform dependent!
2018-11-22 11:55:19,706 [Worker-159] INFO  o.e.m.c.i.embedder.EclipseLogger - Copying 0 resource
2018-11-22 11:55:19,708 [Worker-159] WARN  o.e.m.c.i.embedder.EclipseLogger - Using platform encoding (Cp1252 actually) to copy filtered resources, i.e. build is platform dependent!
2018-11-22 11:55:19,712 [Worker-159] INFO  o.e.m.c.i.embedder.EclipseLogger - Copying 0 resource
2018-11-22 11:55:36,589 [Worker-164] WARN  o.e.m.c.i.embedder.EclipseLogger - Using platform encoding (Cp1252 actually) to copy filtered resources, i.e. build is platform dependent!
2018-11-22 11:55:36,590 [Worker-164] INFO  o.e.m.c.i.embedder.EclipseLogger - Copying 0 resource
2018-11-22 11:55:36,591 [Worker-164] WARN  o.e.m.c.i.embedder.EclipseLogger - Using platform encoding (Cp1252 actually) to copy filtered resources, i.e. build is platform dependent!
2018-11-22 11:55:36,593 [Worker-164] INFO  o.e.m.c.i.embedder.EclipseLogger - Copying 0 resource
2018-11-22 11:56:39,574 [Worker-154] WARN  o.e.m.c.i.embedder.EclipseLogger - Using platform encoding (Cp1252 actually) to copy filtered resources, i.e. build is platform dependent!
2018-11-22 11:56:39,588 [Worker-154] INFO  o.e.m.c.i.embedder.EclipseLogger - Copying 0 resource
2018-11-22 11:56:39,590 [Worker-154] WARN  o.e.m.c.i.embedder.EclipseLogger - Using platform encoding (Cp1252 actually) to copy filtered resources, i.e. build is platform dependent!
2018-11-22 11:56:39,597 [Worker-154] INFO  o.e.m.c.i.embedder.EclipseLogger - Copying 0 resource
2018-11-22 11:56:55,447 [Worker-161] WARN  o.e.m.c.i.embedder.EclipseLogger - Using platform encoding (Cp1252 actually) to copy filtered resources, i.e. build is platform dependent!
2018-11-22 11:56:55,450 [Worker-161] INFO  o.e.m.c.i.embedder.EclipseLogger - Copying 0 resource
2018-11-22 11:56:55,452 [Worker-161] WARN  o.e.m.c.i.embedder.EclipseLogger - Using platform encoding (Cp1252 actually) to copy filtered resources, i.e. build is platform dependent!
2018-11-22 11:56:55,455 [Worker-161] INFO  o.e.m.c.i.embedder.EclipseLogger - Copying 0 resource
2018-11-22 12:10:12,875 [Worker-167] WARN  o.e.m.c.i.embedder.EclipseLogger - Using platform encoding (Cp1252 actually) to copy filtered resources, i.e. build is platform dependent!
2018-11-22 12:10:12,878 [Worker-167] INFO  o.e.m.c.i.embedder.EclipseLogger - Copying 0 resource
2018-11-22 12:10:12,881 [Worker-167] WARN  o.e.m.c.i.embedder.EclipseLogger - Using platform encoding (Cp1252 actually) to copy filtered resources, i.e. build is platform dependent!
2018-11-22 12:10:12,885 [Worker-167] INFO  o.e.m.c.i.embedder.EclipseLogger - Copying 0 resource
2018-11-22 12:10:26,875 [Worker-167] WARN  o.e.m.c.i.embedder.EclipseLogger - Using platform encoding (Cp1252 actually) to copy filtered resources, i.e. build is platform dependent!
2018-11-22 12:10:26,879 [Worker-167] INFO  o.e.m.c.i.embedder.EclipseLogger - Copying 0 resource
2018-11-22 12:10:26,880 [Worker-167] WARN  o.e.m.c.i.embedder.EclipseLogger - Using platform encoding (Cp1252 actually) to copy filtered resources, i.e. build is platform dependent!
2018-11-22 12:10:26,882 [Worker-167] INFO  o.e.m.c.i.embedder.EclipseLogger - Copying 0 resource
2018-11-22 12:11:02,065 [Worker-165] WARN  o.e.m.c.i.embedder.EclipseLogger - Using platform encoding (Cp1252 actually) to copy filtered resources, i.e. build is platform dependent!
2018-11-22 12:11:02,067 [Worker-165] INFO  o.e.m.c.i.embedder.EclipseLogger - Copying 0 resource
2018-11-22 12:11:02,067 [Worker-165] WARN  o.e.m.c.i.embedder.EclipseLogger - Using platform encoding (Cp1252 actually) to copy filtered resources, i.e. build is platform dependent!
2018-11-22 12:11:02,069 [Worker-165] INFO  o.e.m.c.i.embedder.EclipseLogger - Copying 0 resource
2018-11-22 12:11:25,014 [Worker-154] WARN  o.e.m.c.i.embedder.EclipseLogger - Using platform encoding (Cp1252 actually) to copy filtered resources, i.e. build is platform dependent!
2018-11-22 12:11:25,015 [Worker-154] INFO  o.e.m.c.i.embedder.EclipseLogger - Copying 0 resource
2018-11-22 12:11:25,016 [Worker-154] WARN  o.e.m.c.i.embedder.EclipseLogger - Using platform encoding (Cp1252 actually) to copy filtered resources, i.e. build is platform dependent!
2018-11-22 12:11:25,017 [Worker-154] INFO  o.e.m.c.i.embedder.EclipseLogger - Copying 0 resource
2018-11-22 12:11:46,031 [Worker-166] WARN  o.e.m.c.i.embedder.EclipseLogger - Using platform encoding (Cp1252 actually) to copy filtered resources, i.e. build is platform dependent!
2018-11-22 12:11:46,033 [Worker-166] INFO  o.e.m.c.i.embedder.EclipseLogger - Copying 0 resource
2018-11-22 12:11:46,035 [Worker-166] WARN  o.e.m.c.i.embedder.EclipseLogger - Using platform encoding (Cp1252 actually) to copy filtered resources, i.e. build is platform dependent!
2018-11-22 12:11:46,037 [Worker-166] INFO  o.e.m.c.i.embedder.EclipseLogger - Copying 0 resource
2018-11-22 12:11:51,137 [Worker-164] WARN  o.e.m.c.i.embedder.EclipseLogger - Using platform encoding (Cp1252 actually) to copy filtered resources, i.e. build is platform dependent!
2018-11-22 12:11:51,147 [Worker-164] INFO  o.e.m.c.i.embedder.EclipseLogger - Copying 0 resource
2018-11-22 12:11:51,148 [Worker-164] WARN  o.e.m.c.i.embedder.EclipseLogger - Using platform encoding (Cp1252 actually) to copy filtered resources, i.e. build is platform dependent!
2018-11-22 12:11:51,160 [Worker-164] INFO  o.e.m.c.i.embedder.EclipseLogger - Copying 0 resource
2018-11-22 12:12:21,871 [Worker-154] WARN  o.e.m.c.i.embedder.EclipseLogger - Using platform encoding (Cp1252 actually) to copy filtered resources, i.e. build is platform dependent!
2018-11-22 12:12:21,875 [Worker-154] INFO  o.e.m.c.i.embedder.EclipseLogger - Copying 0 resource
2018-11-22 12:12:21,877 [Worker-154] WARN  o.e.m.c.i.embedder.EclipseLogger - Using platform encoding (Cp1252 actually) to copy filtered resources, i.e. build is platform dependent!
2018-11-22 12:12:21,879 [Worker-154] INFO  o.e.m.c.i.embedder.EclipseLogger - Copying 0 resource
2018-11-22 12:13:03,438 [Worker-167] WARN  o.e.m.c.i.embedder.EclipseLogger - Using platform encoding (Cp1252 actually) to copy filtered resources, i.e. build is platform dependent!
2018-11-22 12:13:03,443 [Worker-167] INFO  o.e.m.c.i.embedder.EclipseLogger - Copying 0 resource
2018-11-22 12:13:03,445 [Worker-167] WARN  o.e.m.c.i.embedder.EclipseLogger - Using platform encoding (Cp1252 actually) to copy filtered resources, i.e. build is platform dependent!
2018-11-22 12:13:03,448 [Worker-167] INFO  o.e.m.c.i.embedder.EclipseLogger - Copying 0 resource
2018-11-22 12:14:12,166 [Worker-164] WARN  o.e.m.c.i.embedder.EclipseLogger - Using platform encoding (Cp1252 actually) to copy filtered resources, i.e. build is platform dependent!
2018-11-22 12:14:12,170 [Worker-164] INFO  o.e.m.c.i.embedder.EclipseLogger - Copying 0 resource
2018-11-22 12:14:12,173 [Worker-164] WARN  o.e.m.c.i.embedder.EclipseLogger - Using platform encoding (Cp1252 actually) to copy filtered resources, i.e. build is platform dependent!
2018-11-22 12:14:12,177 [Worker-164] INFO  o.e.m.c.i.embedder.EclipseLogger - Copying 0 resource
2018-11-22 12:38:32,693 [Worker-171] WARN  o.e.m.c.i.embedder.EclipseLogger - Using platform encoding (Cp1252 actually) to copy filtered resources, i.e. build is platform dependent!
2018-11-22 12:38:32,700 [Worker-171] INFO  o.e.m.c.i.embedder.EclipseLogger - Copying 0 resource
2018-11-22 12:38:32,701 [Worker-171] WARN  o.e.m.c.i.embedder.EclipseLogger - Using platform encoding (Cp1252 actually) to copy filtered resources, i.e. build is platform dependent!
2018-11-22 12:38:32,704 [Worker-171] INFO  o.e.m.c.i.embedder.EclipseLogger - Copying 0 resource
2018-11-22 12:42:04,112 [Worker-171] WARN  o.e.m.c.i.embedder.EclipseLogger - Using platform encoding (Cp1252 actually) to copy filtered resources, i.e. build is platform dependent!
2018-11-22 12:42:04,116 [Worker-171] INFO  o.e.m.c.i.embedder.EclipseLogger - Copying 0 resource
2018-11-22 12:42:04,119 [Worker-171] WARN  o.e.m.c.i.embedder.EclipseLogger - Using platform encoding (Cp1252 actually) to copy filtered resources, i.e. build is platform dependent!
2018-11-22 12:42:04,123 [Worker-171] INFO  o.e.m.c.i.embedder.EclipseLogger - Copying 0 resource
2018-11-22 12:42:08,220 [Worker-171] WARN  o.e.m.c.i.embedder.EclipseLogger - Using platform encoding (Cp1252 actually) to copy filtered resources, i.e. build is platform dependent!
2018-11-22 12:42:08,223 [Worker-171] INFO  o.e.m.c.i.embedder.EclipseLogger - Copying 0 resource
2018-11-22 12:42:08,226 [Worker-171] WARN  o.e.m.c.i.embedder.EclipseLogger - Using platform encoding (Cp1252 actually) to copy filtered resources, i.e. build is platform dependent!
2018-11-22 12:42:08,229 [Worker-171] INFO  o.e.m.c.i.embedder.EclipseLogger - Copying 0 resource
2018-11-22 12:42:15,013 [Worker-171] WARN  o.e.m.c.i.embedder.EclipseLogger - Using platform encoding (Cp1252 actually) to copy filtered resources, i.e. build is platform dependent!
2018-11-22 12:42:15,018 [Worker-171] INFO  o.e.m.c.i.embedder.EclipseLogger - Copying 0 resource
2018-11-22 12:42:15,021 [Worker-171] WARN  o.e.m.c.i.embedder.EclipseLogger - Using platform encoding (Cp1252 actually) to copy filtered resources, i.e. build is platform dependent!
2018-11-22 12:42:15,025 [Worker-171] INFO  o.e.m.c.i.embedder.EclipseLogger - Copying 0 resource
2018-11-22 12:43:02,363 [Worker-175] WARN  o.e.m.c.i.embedder.EclipseLogger - Using platform encoding (Cp1252 actually) to copy filtered resources, i.e. build is platform dependent!
2018-11-22 12:43:02,369 [Worker-175] INFO  o.e.m.c.i.embedder.EclipseLogger - Copying 0 resource
2018-11-22 12:43:02,373 [Worker-175] WARN  o.e.m.c.i.embedder.EclipseLogger - Using platform encoding (Cp1252 actually) to copy filtered resources, i.e. build is platform dependent!
2018-11-22 12:43:02,379 [Worker-175] INFO  o.e.m.c.i.embedder.EclipseLogger - Copying 0 resource
2018-11-22 12:43:56,997 [Worker-171] WARN  o.e.m.c.i.embedder.EclipseLogger - Using platform encoding (Cp1252 actually) to copy filtered resources, i.e. build is platform dependent!
2018-11-22 12:43:57,001 [Worker-171] INFO  o.e.m.c.i.embedder.EclipseLogger - Copying 0 resource
2018-11-22 12:43:57,004 [Worker-171] WARN  o.e.m.c.i.embedder.EclipseLogger - Using platform encoding (Cp1252 actually) to copy filtered resources, i.e. build is platform dependent!
2018-11-22 12:43:57,008 [Worker-171] INFO  o.e.m.c.i.embedder.EclipseLogger - Copying 0 resource
2018-11-22 12:44:37,600 [Worker-177] WARN  o.e.m.c.i.embedder.EclipseLogger - Using platform encoding (Cp1252 actually) to copy filtered resources, i.e. build is platform dependent!
2018-11-22 12:44:37,602 [Worker-177] INFO  o.e.m.c.i.embedder.EclipseLogger - Copying 0 resource
2018-11-22 12:44:37,603 [Worker-177] WARN  o.e.m.c.i.embedder.EclipseLogger - Using platform encoding (Cp1252 actually) to copy filtered resources, i.e. build is platform dependent!
2018-11-22 12:44:37,605 [Worker-177] INFO  o.e.m.c.i.embedder.EclipseLogger - Copying 0 resource
2018-11-22 12:47:08,447 [Worker-174] WARN  o.e.m.c.i.embedder.EclipseLogger - Using platform encoding (Cp1252 actually) to copy filtered resources, i.e. build is platform dependent!
2018-11-22 12:47:08,449 [Worker-174] INFO  o.e.m.c.i.embedder.EclipseLogger - Copying 0 resource
2018-11-22 12:47:08,450 [Worker-174] WARN  o.e.m.c.i.embedder.EclipseLogger - Using platform encoding (Cp1252 actually) to copy filtered resources, i.e. build is platform dependent!
2018-11-22 12:47:08,451 [Worker-174] INFO  o.e.m.c.i.embedder.EclipseLogger - Copying 0 resource
2018-11-22 12:49:50,491 [Worker-171] WARN  o.e.m.c.i.embedder.EclipseLogger - Using platform encoding (Cp1252 actually) to copy filtered resources, i.e. build is platform dependent!
2018-11-22 12:49:50,494 [Worker-171] INFO  o.e.m.c.i.embedder.EclipseLogger - Copying 0 resource
2018-11-22 12:49:50,497 [Worker-171] WARN  o.e.m.c.i.embedder.EclipseLogger - Using platform encoding (Cp1252 actually) to copy filtered resources, i.e. build is platform dependent!
2018-11-22 12:49:50,500 [Worker-171] INFO  o.e.m.c.i.embedder.EclipseLogger - Copying 0 resource
2018-11-22 12:51:59,716 [Worker-173] WARN  o.e.m.c.i.embedder.EclipseLogger - Using platform encoding (Cp1252 actually) to copy filtered resources, i.e. build is platform dependent!
2018-11-22 12:51:59,718 [Worker-173] INFO  o.e.m.c.i.embedder.EclipseLogger - Copying 0 resource
2018-11-22 12:51:59,719 [Worker-173] WARN  o.e.m.c.i.embedder.EclipseLogger - Using platform encoding (Cp1252 actually) to copy filtered resources, i.e. build is platform dependent!
2018-11-22 12:51:59,720 [Worker-173] INFO  o.e.m.c.i.embedder.EclipseLogger - Copying 0 resource
2018-11-22 12:56:01,800 [Worker-175] WARN  o.e.m.c.i.embedder.EclipseLogger - Using platform encoding (Cp1252 actually) to copy filtered resources, i.e. build is platform dependent!
2018-11-22 12:56:01,802 [Worker-175] INFO  o.e.m.c.i.embedder.EclipseLogger - Copying 0 resource
2018-11-22 12:56:01,803 [Worker-175] WARN  o.e.m.c.i.embedder.EclipseLogger - Using platform encoding (Cp1252 actually) to copy filtered resources, i.e. build is platform dependent!
2018-11-22 12:56:01,805 [Worker-175] INFO  o.e.m.c.i.embedder.EclipseLogger - Copying 0 resource
2018-11-22 12:56:32,615 [Worker-177] WARN  o.e.m.c.i.embedder.EclipseLogger - Using platform encoding (Cp1252 actually) to copy filtered resources, i.e. build is platform dependent!
2018-11-22 12:56:32,616 [Worker-177] INFO  o.e.m.c.i.embedder.EclipseLogger - Copying 0 resource
2018-11-22 12:56:32,617 [Worker-177] WARN  o.e.m.c.i.embedder.EclipseLogger - Using platform encoding (Cp1252 actually) to copy filtered resources, i.e. build is platform dependent!
2018-11-22 12:56:32,618 [Worker-177] INFO  o.e.m.c.i.embedder.EclipseLogger - Copying 0 resource
2018-11-22 14:17:19,838 [Worker-180] WARN  o.e.m.c.i.embedder.EclipseLogger - Using platform encoding (Cp1252 actually) to copy filtered resources, i.e. build is platform dependent!
2018-11-22 14:17:19,842 [Worker-180] INFO  o.e.m.c.i.embedder.EclipseLogger - Copying 0 resource
2018-11-22 14:17:19,843 [Worker-180] WARN  o.e.m.c.i.embedder.EclipseLogger - Using platform encoding (Cp1252 actually) to copy filtered resources, i.e. build is platform dependent!
2018-11-22 14:17:19,845 [Worker-180] INFO  o.e.m.c.i.embedder.EclipseLogger - Copying 0 resource
2018-11-22 14:17:39,848 [Worker-178] WARN  o.e.m.c.i.embedder.EclipseLogger - Using platform encoding (Cp1252 actually) to copy filtered resources, i.e. build is platform dependent!
2018-11-22 14:17:39,849 [Worker-178] INFO  o.e.m.c.i.embedder.EclipseLogger - Copying 0 resource
2018-11-22 14:17:39,850 [Worker-178] WARN  o.e.m.c.i.embedder.EclipseLogger - Using platform encoding (Cp1252 actually) to copy filtered resources, i.e. build is platform dependent!
2018-11-22 14:17:39,851 [Worker-178] INFO  o.e.m.c.i.embedder.EclipseLogger - Copying 0 resource
2018-11-22 14:19:17,198 [Worker-177] WARN  o.e.m.c.i.embedder.EclipseLogger - Using platform encoding (Cp1252 actually) to copy filtered resources, i.e. build is platform dependent!
2018-11-22 14:19:17,199 [Worker-177] INFO  o.e.m.c.i.embedder.EclipseLogger - Copying 0 resource
2018-11-22 14:19:17,200 [Worker-177] WARN  o.e.m.c.i.embedder.EclipseLogger - Using platform encoding (Cp1252 actually) to copy filtered resources, i.e. build is platform dependent!
2018-11-22 14:19:17,201 [Worker-177] INFO  o.e.m.c.i.embedder.EclipseLogger - Copying 0 resource
2018-11-22 14:25:28,602 [Worker-177] WARN  o.e.m.c.i.embedder.EclipseLogger - Using platform encoding (Cp1252 actually) to copy filtered resources, i.e. build is platform dependent!
2018-11-22 14:25:28,611 [Worker-177] INFO  o.e.m.c.i.embedder.EclipseLogger - Copying 0 resource
2018-11-22 14:25:28,613 [Worker-177] WARN  o.e.m.c.i.embedder.EclipseLogger - Using platform encoding (Cp1252 actually) to copy filtered resources, i.e. build is platform dependent!
2018-11-22 14:25:28,618 [Worker-177] INFO  o.e.m.c.i.embedder.EclipseLogger - Copying 0 resource
2018-11-22 14:25:56,106 [Worker-181] WARN  o.e.m.c.i.embedder.EclipseLogger - Using platform encoding (Cp1252 actually) to copy filtered resources, i.e. build is platform dependent!
2018-11-22 14:25:56,108 [Worker-181] INFO  o.e.m.c.i.embedder.EclipseLogger - Copying 0 resource
2018-11-22 14:25:56,109 [Worker-181] WARN  o.e.m.c.i.embedder.EclipseLogger - Using platform encoding (Cp1252 actually) to copy filtered resources, i.e. build is platform dependent!
2018-11-22 14:25:56,111 [Worker-181] INFO  o.e.m.c.i.embedder.EclipseLogger - Copying 0 resource
2018-11-22 14:27:20,544 [Worker-178] WARN  o.e.m.c.i.embedder.EclipseLogger - Using platform encoding (Cp1252 actually) to copy filtered resources, i.e. build is platform dependent!
2018-11-22 14:27:20,546 [Worker-178] INFO  o.e.m.c.i.embedder.EclipseLogger - Copying 0 resource
2018-11-22 14:27:20,547 [Worker-178] WARN  o.e.m.c.i.embedder.EclipseLogger - Using platform encoding (Cp1252 actually) to copy filtered resources, i.e. build is platform dependent!
2018-11-22 14:27:20,548 [Worker-178] INFO  o.e.m.c.i.embedder.EclipseLogger - Copying 0 resource
2018-11-22 14:30:02,976 [Worker-181] WARN  o.e.m.c.i.embedder.EclipseLogger - Using platform encoding (Cp1252 actually) to copy filtered resources, i.e. build is platform dependent!
2018-11-22 14:30:02,980 [Worker-181] INFO  o.e.m.c.i.embedder.EclipseLogger - Copying 0 resource
2018-11-22 14:30:02,982 [Worker-181] WARN  o.e.m.c.i.embedder.EclipseLogger - Using platform encoding (Cp1252 actually) to copy filtered resources, i.e. build is platform dependent!
2018-11-22 14:30:02,986 [Worker-181] INFO  o.e.m.c.i.embedder.EclipseLogger - Copying 0 resource
2018-11-22 14:31:52,838 [Worker-167] WARN  o.e.m.c.i.embedder.EclipseLogger - Using platform encoding (Cp1252 actually) to copy filtered resources, i.e. build is platform dependent!
2018-11-22 14:31:52,841 [Worker-167] INFO  o.e.m.c.i.embedder.EclipseLogger - Copying 0 resource
2018-11-22 14:31:52,842 [Worker-167] WARN  o.e.m.c.i.embedder.EclipseLogger - Using platform encoding (Cp1252 actually) to copy filtered resources, i.e. build is platform dependent!
2018-11-22 14:31:52,843 [Worker-167] INFO  o.e.m.c.i.embedder.EclipseLogger - Copying 0 resource
2018-11-22 14:32:05,967 [Worker-180] WARN  o.e.m.c.i.embedder.EclipseLogger - Using platform encoding (Cp1252 actually) to copy filtered resources, i.e. build is platform dependent!
2018-11-22 14:32:05,970 [Worker-180] INFO  o.e.m.c.i.embedder.EclipseLogger - Copying 0 resource
2018-11-22 14:32:05,971 [Worker-180] WARN  o.e.m.c.i.embedder.EclipseLogger - Using platform encoding (Cp1252 actually) to copy filtered resources, i.e. build is platform dependent!
2018-11-22 14:32:05,973 [Worker-180] INFO  o.e.m.c.i.embedder.EclipseLogger - Copying 0 resource
2018-11-22 14:33:05,402 [Worker-167] WARN  o.e.m.c.i.embedder.EclipseLogger - Using platform encoding (Cp1252 actually) to copy filtered resources, i.e. build is platform dependent!
2018-11-22 14:33:05,404 [Worker-167] INFO  o.e.m.c.i.embedder.EclipseLogger - Copying 0 resource
2018-11-22 14:33:05,405 [Worker-167] WARN  o.e.m.c.i.embedder.EclipseLogger - Using platform encoding (Cp1252 actually) to copy filtered resources, i.e. build is platform dependent!
2018-11-22 14:33:05,407 [Worker-167] INFO  o.e.m.c.i.embedder.EclipseLogger - Copying 0 resource
2018-11-22 14:33:25,288 [Worker-167] WARN  o.e.m.c.i.embedder.EclipseLogger - Using platform encoding (Cp1252 actually) to copy filtered resources, i.e. build is platform dependent!
2018-11-22 14:33:25,290 [Worker-167] INFO  o.e.m.c.i.embedder.EclipseLogger - Copying 0 resource
2018-11-22 14:33:25,291 [Worker-167] WARN  o.e.m.c.i.embedder.EclipseLogger - Using platform encoding (Cp1252 actually) to copy filtered resources, i.e. build is platform dependent!
2018-11-22 14:33:25,293 [Worker-167] INFO  o.e.m.c.i.embedder.EclipseLogger - Copying 0 resource
2018-11-22 14:33:43,428 [Worker-167] WARN  o.e.m.c.i.embedder.EclipseLogger - Using platform encoding (Cp1252 actually) to copy filtered resources, i.e. build is platform dependent!
2018-11-22 14:33:43,430 [Worker-167] INFO  o.e.m.c.i.embedder.EclipseLogger - Copying 0 resource
2018-11-22 14:33:43,430 [Worker-167] WARN  o.e.m.c.i.embedder.EclipseLogger - Using platform encoding (Cp1252 actually) to copy filtered resources, i.e. build is platform dependent!
2018-11-22 14:33:43,432 [Worker-167] INFO  o.e.m.c.i.embedder.EclipseLogger - Copying 0 resource
2018-11-22 14:34:45,485 [Worker-171] WARN  o.e.m.c.i.embedder.EclipseLogger - Using platform encoding (Cp1252 actually) to copy filtered resources, i.e. build is platform dependent!
2018-11-22 14:34:45,487 [Worker-171] INFO  o.e.m.c.i.embedder.EclipseLogger - Copying 0 resource
2018-11-22 14:34:45,489 [Worker-171] WARN  o.e.m.c.i.embedder.EclipseLogger - Using platform encoding (Cp1252 actually) to copy filtered resources, i.e. build is platform dependent!
2018-11-22 14:34:45,492 [Worker-171] INFO  o.e.m.c.i.embedder.EclipseLogger - Copying 0 resource
2018-11-22 14:35:27,208 [Worker-171] WARN  o.e.m.c.i.embedder.EclipseLogger - Using platform encoding (Cp1252 actually) to copy filtered resources, i.e. build is platform dependent!
2018-11-22 14:35:27,210 [Worker-171] INFO  o.e.m.c.i.embedder.EclipseLogger - Copying 0 resource
2018-11-22 14:35:27,212 [Worker-171] WARN  o.e.m.c.i.embedder.EclipseLogger - Using platform encoding (Cp1252 actually) to copy filtered resources, i.e. build is platform dependent!
2018-11-22 14:35:27,214 [Worker-171] INFO  o.e.m.c.i.embedder.EclipseLogger - Copying 0 resource
2018-11-22 14:35:34,192 [Worker-182] WARN  o.e.m.c.i.embedder.EclipseLogger - Using platform encoding (Cp1252 actually) to copy filtered resources, i.e. build is platform dependent!
2018-11-22 14:35:34,212 [Worker-182] INFO  o.e.m.c.i.embedder.EclipseLogger - Copying 0 resource
2018-11-22 14:35:34,213 [Worker-182] WARN  o.e.m.c.i.embedder.EclipseLogger - Using platform encoding (Cp1252 actually) to copy filtered resources, i.e. build is platform dependent!
2018-11-22 14:35:34,215 [Worker-182] INFO  o.e.m.c.i.embedder.EclipseLogger - Copying 0 resource
2018-11-22 14:36:24,039 [Worker-167] WARN  o.e.m.c.i.embedder.EclipseLogger - Using platform encoding (Cp1252 actually) to copy filtered resources, i.e. build is platform dependent!
2018-11-22 14:36:24,042 [Worker-167] INFO  o.e.m.c.i.embedder.EclipseLogger - Copying 0 resource
2018-11-22 14:36:24,044 [Worker-167] WARN  o.e.m.c.i.embedder.EclipseLogger - Using platform encoding (Cp1252 actually) to copy filtered resources, i.e. build is platform dependent!
2018-11-22 14:36:24,047 [Worker-167] INFO  o.e.m.c.i.embedder.EclipseLogger - Copying 0 resource
2018-11-22 14:37:24,829 [Worker-183] WARN  o.e.m.c.i.embedder.EclipseLogger - Using platform encoding (Cp1252 actually) to copy filtered resources, i.e. build is platform dependent!
2018-11-22 14:37:24,832 [Worker-183] INFO  o.e.m.c.i.embedder.EclipseLogger - Copying 0 resource
2018-11-22 14:37:24,834 [Worker-183] WARN  o.e.m.c.i.embedder.EclipseLogger - Using platform encoding (Cp1252 actually) to copy filtered resources, i.e. build is platform dependent!
2018-11-22 14:37:24,837 [Worker-183] INFO  o.e.m.c.i.embedder.EclipseLogger - Copying 0 resource
2018-11-22 14:38:58,300 [Worker-180] WARN  o.e.m.c.i.embedder.EclipseLogger - Using platform encoding (Cp1252 actually) to copy filtered resources, i.e. build is platform dependent!
2018-11-22 14:38:58,341 [Worker-180] INFO  o.e.m.c.i.embedder.EclipseLogger - Copying 0 resource
2018-11-22 14:38:58,342 [Worker-180] WARN  o.e.m.c.i.embedder.EclipseLogger - Using platform encoding (Cp1252 actually) to copy filtered resources, i.e. build is platform dependent!
2018-11-22 14:38:58,344 [Worker-180] INFO  o.e.m.c.i.embedder.EclipseLogger - Copying 0 resource
2018-11-22 14:39:42,854 [Worker-171] WARN  o.e.m.c.i.embedder.EclipseLogger - Using platform encoding (Cp1252 actually) to copy filtered resources, i.e. build is platform dependent!
2018-11-22 14:39:42,857 [Worker-171] INFO  o.e.m.c.i.embedder.EclipseLogger - Copying 0 resource
2018-11-22 14:39:42,859 [Worker-171] WARN  o.e.m.c.i.embedder.EclipseLogger - Using platform encoding (Cp1252 actually) to copy filtered resources, i.e. build is platform dependent!
2018-11-22 14:39:42,862 [Worker-171] INFO  o.e.m.c.i.embedder.EclipseLogger - Copying 0 resource
2018-11-22 14:46:58,999 [Worker-184] WARN  o.e.m.c.i.embedder.EclipseLogger - Using platform encoding (Cp1252 actually) to copy filtered resources, i.e. build is platform dependent!
2018-11-22 14:46:59,000 [Worker-184] INFO  o.e.m.c.i.embedder.EclipseLogger - Copying 0 resource
2018-11-22 14:46:59,000 [Worker-184] WARN  o.e.m.c.i.embedder.EclipseLogger - Using platform encoding (Cp1252 actually) to copy filtered resources, i.e. build is platform dependent!
2018-11-22 14:46:59,002 [Worker-184] INFO  o.e.m.c.i.embedder.EclipseLogger - Copying 0 resource
2018-11-22 14:48:37,038 [Worker-167] WARN  o.e.m.c.i.embedder.EclipseLogger - Using platform encoding (Cp1252 actually) to copy filtered resources, i.e. build is platform dependent!
2018-11-22 14:48:37,039 [Worker-167] INFO  o.e.m.c.i.embedder.EclipseLogger - Copying 0 resource
2018-11-22 14:48:37,040 [Worker-167] WARN  o.e.m.c.i.embedder.EclipseLogger - Using platform encoding (Cp1252 actually) to copy filtered resources, i.e. build is platform dependent!
2018-11-22 14:48:37,041 [Worker-167] INFO  o.e.m.c.i.embedder.EclipseLogger - Copying 0 resource
2018-11-22 14:52:50,856 [Worker-181] WARN  o.e.m.c.i.embedder.EclipseLogger - Using platform encoding (Cp1252 actually) to copy filtered resources, i.e. build is platform dependent!
2018-11-22 14:52:50,858 [Worker-181] INFO  o.e.m.c.i.embedder.EclipseLogger - Copying 0 resource
2018-11-22 14:52:50,860 [Worker-181] WARN  o.e.m.c.i.embedder.EclipseLogger - Using platform encoding (Cp1252 actually) to copy filtered resources, i.e. build is platform dependent!
2018-11-22 14:52:50,862 [Worker-181] INFO  o.e.m.c.i.embedder.EclipseLogger - Copying 0 resource
2018-11-22 14:53:22,889 [Worker-180] WARN  o.e.m.c.i.embedder.EclipseLogger - Using platform encoding (Cp1252 actually) to copy filtered resources, i.e. build is platform dependent!
2018-11-22 14:53:22,891 [Worker-180] INFO  o.e.m.c.i.embedder.EclipseLogger - Copying 0 resource
2018-11-22 14:53:22,892 [Worker-180] WARN  o.e.m.c.i.embedder.EclipseLogger - Using platform encoding (Cp1252 actually) to copy filtered resources, i.e. build is platform dependent!
2018-11-22 14:53:22,893 [Worker-180] INFO  o.e.m.c.i.embedder.EclipseLogger - Copying 0 resource
2018-11-22 14:54:03,232 [Worker-180] WARN  o.e.m.c.i.embedder.EclipseLogger - Using platform encoding (Cp1252 actually) to copy filtered resources, i.e. build is platform dependent!
2018-11-22 14:54:03,234 [Worker-180] INFO  o.e.m.c.i.embedder.EclipseLogger - Copying 0 resource
2018-11-22 14:54:03,234 [Worker-180] WARN  o.e.m.c.i.embedder.EclipseLogger - Using platform encoding (Cp1252 actually) to copy filtered resources, i.e. build is platform dependent!
2018-11-22 14:54:03,236 [Worker-180] INFO  o.e.m.c.i.embedder.EclipseLogger - Copying 0 resource
2018-11-22 14:54:46,569 [Worker-167] WARN  o.e.m.c.i.embedder.EclipseLogger - Using platform encoding (Cp1252 actually) to copy filtered resources, i.e. build is platform dependent!
2018-11-22 14:54:46,571 [Worker-167] INFO  o.e.m.c.i.embedder.EclipseLogger - Copying 0 resource
2018-11-22 14:54:46,572 [Worker-167] WARN  o.e.m.c.i.embedder.EclipseLogger - Using platform encoding (Cp1252 actually) to copy filtered resources, i.e. build is platform dependent!
2018-11-22 14:54:46,575 [Worker-167] INFO  o.e.m.c.i.embedder.EclipseLogger - Copying 0 resource
2018-11-22 14:55:46,963 [Worker-189] WARN  o.e.m.c.i.embedder.EclipseLogger - Using platform encoding (Cp1252 actually) to copy filtered resources, i.e. build is platform dependent!
2018-11-22 14:55:46,968 [Worker-189] INFO  o.e.m.c.i.embedder.EclipseLogger - Copying 0 resource
2018-11-22 14:55:46,970 [Worker-189] WARN  o.e.m.c.i.embedder.EclipseLogger - Using platform encoding (Cp1252 actually) to copy filtered resources, i.e. build is platform dependent!
2018-11-22 14:55:46,973 [Worker-189] INFO  o.e.m.c.i.embedder.EclipseLogger - Copying 0 resource
2018-11-22 14:56:46,827 [Worker-186] WARN  o.e.m.c.i.embedder.EclipseLogger - Using platform encoding (Cp1252 actually) to copy filtered resources, i.e. build is platform dependent!
2018-11-22 14:56:46,829 [Worker-186] INFO  o.e.m.c.i.embedder.EclipseLogger - Copying 0 resource
2018-11-22 14:56:46,830 [Worker-186] WARN  o.e.m.c.i.embedder.EclipseLogger - Using platform encoding (Cp1252 actually) to copy filtered resources, i.e. build is platform dependent!
2018-11-22 14:56:46,832 [Worker-186] INFO  o.e.m.c.i.embedder.EclipseLogger - Copying 0 resource
2018-11-22 14:56:51,387 [Worker-167] WARN  o.e.m.c.i.embedder.EclipseLogger - Using platform encoding (Cp1252 actually) to copy filtered resources, i.e. build is platform dependent!
2018-11-22 14:56:51,390 [Worker-167] INFO  o.e.m.c.i.embedder.EclipseLogger - Copying 0 resource
2018-11-22 14:56:51,392 [Worker-167] WARN  o.e.m.c.i.embedder.EclipseLogger - Using platform encoding (Cp1252 actually) to copy filtered resources, i.e. build is platform dependent!
2018-11-22 14:56:51,399 [Worker-167] INFO  o.e.m.c.i.embedder.EclipseLogger - Copying 0 resource
2018-11-22 14:57:13,532 [Worker-180] WARN  o.e.m.c.i.embedder.EclipseLogger - Using platform encoding (Cp1252 actually) to copy filtered resources, i.e. build is platform dependent!
2018-11-22 14:57:13,533 [Worker-180] INFO  o.e.m.c.i.embedder.EclipseLogger - Copying 0 resource
2018-11-22 14:57:13,534 [Worker-180] WARN  o.e.m.c.i.embedder.EclipseLogger - Using platform encoding (Cp1252 actually) to copy filtered resources, i.e. build is platform dependent!
2018-11-22 14:57:13,535 [Worker-180] INFO  o.e.m.c.i.embedder.EclipseLogger - Copying 0 resource
2018-11-22 14:58:02,149 [Worker-188] WARN  o.e.m.c.i.embedder.EclipseLogger - Using platform encoding (Cp1252 actually) to copy filtered resources, i.e. build is platform dependent!
2018-11-22 14:58:02,151 [Worker-188] INFO  o.e.m.c.i.embedder.EclipseLogger - Copying 0 resource
2018-11-22 14:58:02,151 [Worker-188] WARN  o.e.m.c.i.embedder.EclipseLogger - Using platform encoding (Cp1252 actually) to copy filtered resources, i.e. build is platform dependent!
2018-11-22 14:58:02,153 [Worker-188] INFO  o.e.m.c.i.embedder.EclipseLogger - Copying 0 resource
2018-11-22 15:15:03,888 [Worker-191] WARN  o.e.m.c.i.embedder.EclipseLogger - Using platform encoding (Cp1252 actually) to copy filtered resources, i.e. build is platform dependent!
2018-11-22 15:15:03,890 [Worker-191] INFO  o.e.m.c.i.embedder.EclipseLogger - Copying 0 resource
2018-11-22 15:15:03,891 [Worker-191] WARN  o.e.m.c.i.embedder.EclipseLogger - Using platform encoding (Cp1252 actually) to copy filtered resources, i.e. build is platform dependent!
2018-11-22 15:15:03,892 [Worker-191] INFO  o.e.m.c.i.embedder.EclipseLogger - Copying 0 resource
2018-11-22 15:33:09,491 [Worker-189] WARN  o.e.m.c.i.embedder.EclipseLogger - Using platform encoding (Cp1252 actually) to copy filtered resources, i.e. build is platform dependent!
2018-11-22 15:33:09,494 [Worker-189] INFO  o.e.m.c.i.embedder.EclipseLogger - Copying 0 resource
2018-11-22 15:33:09,496 [Worker-189] WARN  o.e.m.c.i.embedder.EclipseLogger - Using platform encoding (Cp1252 actually) to copy filtered resources, i.e. build is platform dependent!
2018-11-22 15:33:09,498 [Worker-189] INFO  o.e.m.c.i.embedder.EclipseLogger - Copying 0 resource
2018-11-22 15:40:53,755 [Worker-181] WARN  o.e.m.c.i.embedder.EclipseLogger - Using platform encoding (Cp1252 actually) to copy filtered resources, i.e. build is platform dependent!
2018-11-22 15:40:53,758 [Worker-181] INFO  o.e.m.c.i.embedder.EclipseLogger - Copying 0 resource
2018-11-22 15:40:53,759 [Worker-181] WARN  o.e.m.c.i.embedder.EclipseLogger - Using platform encoding (Cp1252 actually) to copy filtered resources, i.e. build is platform dependent!
2018-11-22 15:40:53,761 [Worker-181] INFO  o.e.m.c.i.embedder.EclipseLogger - Copying 0 resource
2018-11-22 15:41:28,413 [Worker-197] WARN  o.e.m.c.i.embedder.EclipseLogger - Using platform encoding (Cp1252 actually) to copy filtered resources, i.e. build is platform dependent!
2018-11-22 15:41:28,414 [Worker-197] INFO  o.e.m.c.i.embedder.EclipseLogger - Copying 0 resource
2018-11-22 15:41:28,415 [Worker-197] WARN  o.e.m.c.i.embedder.EclipseLogger - Using platform encoding (Cp1252 actually) to copy filtered resources, i.e. build is platform dependent!
2018-11-22 15:41:28,416 [Worker-197] INFO  o.e.m.c.i.embedder.EclipseLogger - Copying 0 resource
2018-11-22 15:42:22,044 [Worker-193] WARN  o.e.m.c.i.embedder.EclipseLogger - Using platform encoding (Cp1252 actually) to copy filtered resources, i.e. build is platform dependent!
2018-11-22 15:42:22,047 [Worker-193] INFO  o.e.m.c.i.embedder.EclipseLogger - Copying 0 resource
2018-11-22 15:42:22,048 [Worker-193] WARN  o.e.m.c.i.embedder.EclipseLogger - Using platform encoding (Cp1252 actually) to copy filtered resources, i.e. build is platform dependent!
2018-11-22 15:42:22,050 [Worker-193] INFO  o.e.m.c.i.embedder.EclipseLogger - Copying 0 resource
2018-11-22 15:43:01,796 [Worker-197] WARN  o.e.m.c.i.embedder.EclipseLogger - Using platform encoding (Cp1252 actually) to copy filtered resources, i.e. build is platform dependent!
2018-11-22 15:43:01,797 [Worker-197] INFO  o.e.m.c.i.embedder.EclipseLogger - Copying 0 resource
2018-11-22 15:43:01,798 [Worker-197] WARN  o.e.m.c.i.embedder.EclipseLogger - Using platform encoding (Cp1252 actually) to copy filtered resources, i.e. build is platform dependent!
2018-11-22 15:43:01,800 [Worker-197] INFO  o.e.m.c.i.embedder.EclipseLogger - Copying 0 resource
2018-11-22 15:43:19,970 [Worker-199] WARN  o.e.m.c.i.embedder.EclipseLogger - Using platform encoding (Cp1252 actually) to copy filtered resources, i.e. build is platform dependent!
2018-11-22 15:43:19,971 [Worker-199] INFO  o.e.m.c.i.embedder.EclipseLogger - Copying 0 resource
2018-11-22 15:43:19,972 [Worker-199] WARN  o.e.m.c.i.embedder.EclipseLogger - Using platform encoding (Cp1252 actually) to copy filtered resources, i.e. build is platform dependent!
2018-11-22 15:43:19,975 [Worker-199] INFO  o.e.m.c.i.embedder.EclipseLogger - Copying 0 resource
2018-11-22 15:43:36,214 [Worker-193] WARN  o.e.m.c.i.embedder.EclipseLogger - Using platform encoding (Cp1252 actually) to copy filtered resources, i.e. build is platform dependent!
2018-11-22 15:43:36,216 [Worker-193] INFO  o.e.m.c.i.embedder.EclipseLogger - Copying 0 resource
2018-11-22 15:43:36,217 [Worker-193] WARN  o.e.m.c.i.embedder.EclipseLogger - Using platform encoding (Cp1252 actually) to copy filtered resources, i.e. build is platform dependent!
2018-11-22 15:43:36,218 [Worker-193] INFO  o.e.m.c.i.embedder.EclipseLogger - Copying 0 resource
2018-11-22 15:44:53,710 [Worker-200] WARN  o.e.m.c.i.embedder.EclipseLogger - Using platform encoding (Cp1252 actually) to copy filtered resources, i.e. build is platform dependent!
2018-11-22 15:44:53,712 [Worker-200] INFO  o.e.m.c.i.embedder.EclipseLogger - Copying 0 resource
2018-11-22 15:44:53,713 [Worker-200] WARN  o.e.m.c.i.embedder.EclipseLogger - Using platform encoding (Cp1252 actually) to copy filtered resources, i.e. build is platform dependent!
2018-11-22 15:44:53,714 [Worker-200] INFO  o.e.m.c.i.embedder.EclipseLogger - Copying 0 resource
2018-11-22 15:45:29,647 [Worker-189] WARN  o.e.m.c.i.embedder.EclipseLogger - Using platform encoding (Cp1252 actually) to copy filtered resources, i.e. build is platform dependent!
2018-11-22 15:45:29,648 [Worker-189] INFO  o.e.m.c.i.embedder.EclipseLogger - Copying 0 resource
2018-11-22 15:45:29,649 [Worker-189] WARN  o.e.m.c.i.embedder.EclipseLogger - Using platform encoding (Cp1252 actually) to copy filtered resources, i.e. build is platform dependent!
2018-11-22 15:45:29,651 [Worker-189] INFO  o.e.m.c.i.embedder.EclipseLogger - Copying 0 resource
2018-11-22 17:17:41,197 [Worker-202] WARN  o.e.m.c.i.embedder.EclipseLogger - Using platform encoding (Cp1252 actually) to copy filtered resources, i.e. build is platform dependent!
2018-11-22 17:17:41,200 [Worker-202] INFO  o.e.m.c.i.embedder.EclipseLogger - Copying 0 resource
2018-11-22 17:17:41,200 [Worker-202] WARN  o.e.m.c.i.embedder.EclipseLogger - Using platform encoding (Cp1252 actually) to copy filtered resources, i.e. build is platform dependent!
2018-11-22 17:17:41,202 [Worker-202] INFO  o.e.m.c.i.embedder.EclipseLogger - Copying 0 resource
2018-11-22 17:20:22,964 [Worker-202] WARN  o.e.m.c.i.embedder.EclipseLogger - Using platform encoding (Cp1252 actually) to copy filtered resources, i.e. build is platform dependent!
2018-11-22 17:20:22,966 [Worker-202] INFO  o.e.m.c.i.embedder.EclipseLogger - Copying 0 resource
2018-11-22 17:20:22,967 [Worker-202] WARN  o.e.m.c.i.embedder.EclipseLogger - Using platform encoding (Cp1252 actually) to copy filtered resources, i.e. build is platform dependent!
2018-11-22 17:20:22,969 [Worker-202] INFO  o.e.m.c.i.embedder.EclipseLogger - Copying 0 resource
2018-11-22 17:22:03,223 [Worker-208] WARN  o.e.m.c.i.embedder.EclipseLogger - Using platform encoding (Cp1252 actually) to copy filtered resources, i.e. build is platform dependent!
2018-11-22 17:22:03,225 [Worker-208] INFO  o.e.m.c.i.embedder.EclipseLogger - Copying 0 resource
2018-11-22 17:22:03,226 [Worker-208] WARN  o.e.m.c.i.embedder.EclipseLogger - Using platform encoding (Cp1252 actually) to copy filtered resources, i.e. build is platform dependent!
2018-11-22 17:22:03,227 [Worker-208] INFO  o.e.m.c.i.embedder.EclipseLogger - Copying 0 resource
2018-11-22 17:22:39,431 [Worker-205] WARN  o.e.m.c.i.embedder.EclipseLogger - Using platform encoding (Cp1252 actually) to copy filtered resources, i.e. build is platform dependent!
2018-11-22 17:22:39,432 [Worker-205] INFO  o.e.m.c.i.embedder.EclipseLogger - Copying 0 resource
2018-11-22 17:22:39,432 [Worker-205] WARN  o.e.m.c.i.embedder.EclipseLogger - Using platform encoding (Cp1252 actually) to copy filtered resources, i.e. build is platform dependent!
2018-11-22 17:22:39,434 [Worker-205] INFO  o.e.m.c.i.embedder.EclipseLogger - Copying 0 resource
2018-11-22 17:22:53,675 [Worker-209] WARN  o.e.m.c.i.embedder.EclipseLogger - Using platform encoding (Cp1252 actually) to copy filtered resources, i.e. build is platform dependent!
2018-11-22 17:22:53,677 [Worker-209] INFO  o.e.m.c.i.embedder.EclipseLogger - Copying 0 resource
2018-11-22 17:22:53,678 [Worker-209] WARN  o.e.m.c.i.embedder.EclipseLogger - Using platform encoding (Cp1252 actually) to copy filtered resources, i.e. build is platform dependent!
2018-11-22 17:22:53,679 [Worker-209] INFO  o.e.m.c.i.embedder.EclipseLogger - Copying 0 resource
2018-11-22 17:25:13,496 [Worker-211] WARN  o.e.m.c.i.embedder.EclipseLogger - Using platform encoding (Cp1252 actually) to copy filtered resources, i.e. build is platform dependent!
2018-11-22 17:25:13,498 [Worker-211] INFO  o.e.m.c.i.embedder.EclipseLogger - Copying 0 resource
2018-11-22 17:25:13,499 [Worker-211] WARN  o.e.m.c.i.embedder.EclipseLogger - Using platform encoding (Cp1252 actually) to copy filtered resources, i.e. build is platform dependent!
2018-11-22 17:25:13,500 [Worker-211] INFO  o.e.m.c.i.embedder.EclipseLogger - Copying 0 resource
2018-11-22 17:25:15,945 [Worker-210] WARN  o.e.m.c.i.embedder.EclipseLogger - Using platform encoding (Cp1252 actually) to copy filtered resources, i.e. build is platform dependent!
2018-11-22 17:25:15,946 [Worker-210] INFO  o.e.m.c.i.embedder.EclipseLogger - Copying 0 resource
2018-11-22 17:25:15,947 [Worker-210] WARN  o.e.m.c.i.embedder.EclipseLogger - Using platform encoding (Cp1252 actually) to copy filtered resources, i.e. build is platform dependent!
2018-11-22 17:25:15,948 [Worker-210] INFO  o.e.m.c.i.embedder.EclipseLogger - Copying 0 resource
2018-11-22 17:25:42,509 [Worker-203] WARN  o.e.m.c.i.embedder.EclipseLogger - Using platform encoding (Cp1252 actually) to copy filtered resources, i.e. build is platform dependent!
2018-11-22 17:25:42,510 [Worker-203] INFO  o.e.m.c.i.embedder.EclipseLogger - Copying 0 resource
2018-11-22 17:25:42,511 [Worker-203] WARN  o.e.m.c.i.embedder.EclipseLogger - Using platform encoding (Cp1252 actually) to copy filtered resources, i.e. build is platform dependent!
2018-11-22 17:25:42,512 [Worker-203] INFO  o.e.m.c.i.embedder.EclipseLogger - Copying 0 resource
2018-11-22 17:26:45,474 [Worker-205] WARN  o.e.m.c.i.embedder.EclipseLogger - Using platform encoding (Cp1252 actually) to copy filtered resources, i.e. build is platform dependent!
2018-11-22 17:26:45,475 [Worker-205] INFO  o.e.m.c.i.embedder.EclipseLogger - Copying 0 resource
2018-11-22 17:26:45,476 [Worker-205] WARN  o.e.m.c.i.embedder.EclipseLogger - Using platform encoding (Cp1252 actually) to copy filtered resources, i.e. build is platform dependent!
2018-11-22 17:26:45,477 [Worker-205] INFO  o.e.m.c.i.embedder.EclipseLogger - Copying 0 resource
2018-11-22 17:28:21,271 [Worker-205] WARN  o.e.m.c.i.embedder.EclipseLogger - Using platform encoding (Cp1252 actually) to copy filtered resources, i.e. build is platform dependent!
2018-11-22 17:28:21,272 [Worker-205] INFO  o.e.m.c.i.embedder.EclipseLogger - Copying 0 resource
2018-11-22 17:28:21,273 [Worker-205] WARN  o.e.m.c.i.embedder.EclipseLogger - Using platform encoding (Cp1252 actually) to copy filtered resources, i.e. build is platform dependent!
2018-11-22 17:28:21,275 [Worker-205] INFO  o.e.m.c.i.embedder.EclipseLogger - Copying 0 resource
2018-11-22 17:28:43,490 [Worker-211] WARN  o.e.m.c.i.embedder.EclipseLogger - Using platform encoding (Cp1252 actually) to copy filtered resources, i.e. build is platform dependent!
2018-11-22 17:28:43,491 [Worker-211] INFO  o.e.m.c.i.embedder.EclipseLogger - Copying 0 resource
2018-11-22 17:28:43,492 [Worker-211] WARN  o.e.m.c.i.embedder.EclipseLogger - Using platform encoding (Cp1252 actually) to copy filtered resources, i.e. build is platform dependent!
2018-11-22 17:28:43,493 [Worker-211] INFO  o.e.m.c.i.embedder.EclipseLogger - Copying 0 resource
2018-11-22 17:28:49,624 [Worker-202] WARN  o.e.m.c.i.embedder.EclipseLogger - Using platform encoding (Cp1252 actually) to copy filtered resources, i.e. build is platform dependent!
2018-11-22 17:28:49,625 [Worker-202] INFO  o.e.m.c.i.embedder.EclipseLogger - Copying 0 resource
2018-11-22 17:28:49,626 [Worker-202] WARN  o.e.m.c.i.embedder.EclipseLogger - Using platform encoding (Cp1252 actually) to copy filtered resources, i.e. build is platform dependent!
2018-11-22 17:28:49,628 [Worker-202] INFO  o.e.m.c.i.embedder.EclipseLogger - Copying 0 resource
2018-11-22 17:28:56,326 [Worker-197] WARN  o.e.m.c.i.embedder.EclipseLogger - Using platform encoding (Cp1252 actually) to copy filtered resources, i.e. build is platform dependent!
2018-11-22 17:28:56,327 [Worker-197] INFO  o.e.m.c.i.embedder.EclipseLogger - Copying 0 resource
2018-11-22 17:28:56,328 [Worker-197] WARN  o.e.m.c.i.embedder.EclipseLogger - Using platform encoding (Cp1252 actually) to copy filtered resources, i.e. build is platform dependent!
2018-11-22 17:28:56,329 [Worker-197] INFO  o.e.m.c.i.embedder.EclipseLogger - Copying 0 resource
2018-11-22 17:30:07,235 [Worker-197] WARN  o.e.m.c.i.embedder.EclipseLogger - Using platform encoding (Cp1252 actually) to copy filtered resources, i.e. build is platform dependent!
2018-11-22 17:30:07,237 [Worker-197] INFO  o.e.m.c.i.embedder.EclipseLogger - Copying 0 resource
2018-11-22 17:30:07,238 [Worker-197] WARN  o.e.m.c.i.embedder.EclipseLogger - Using platform encoding (Cp1252 actually) to copy filtered resources, i.e. build is platform dependent!
2018-11-22 17:30:07,239 [Worker-197] INFO  o.e.m.c.i.embedder.EclipseLogger - Copying 0 resource
2018-11-22 17:30:55,720 [Worker-197] WARN  o.e.m.c.i.embedder.EclipseLogger - Using platform encoding (Cp1252 actually) to copy filtered resources, i.e. build is platform dependent!
2018-11-22 17:30:55,721 [Worker-197] INFO  o.e.m.c.i.embedder.EclipseLogger - Copying 0 resource
2018-11-22 17:30:55,722 [Worker-197] WARN  o.e.m.c.i.embedder.EclipseLogger - Using platform encoding (Cp1252 actually) to copy filtered resources, i.e. build is platform dependent!
2018-11-22 17:30:55,723 [Worker-197] INFO  o.e.m.c.i.embedder.EclipseLogger - Copying 0 resource
2018-11-22 17:37:53,407 [Worker-195] WARN  o.e.m.c.i.embedder.EclipseLogger - Using platform encoding (Cp1252 actually) to copy filtered resources, i.e. build is platform dependent!
2018-11-22 17:37:53,408 [Worker-195] INFO  o.e.m.c.i.embedder.EclipseLogger - Copying 0 resource
2018-11-22 17:37:53,409 [Worker-195] WARN  o.e.m.c.i.embedder.EclipseLogger - Using platform encoding (Cp1252 actually) to copy filtered resources, i.e. build is platform dependent!
2018-11-22 17:37:53,410 [Worker-195] INFO  o.e.m.c.i.embedder.EclipseLogger - Copying 0 resource
